{"/home/travis/build/npmtest/node-npmtest-eris/test.js":{"path":"/home/travis/build/npmtest/node-npmtest-eris/test.js","s":{"1":2,"2":2,"3":2,"4":2,"5":2,"6":2,"7":2,"8":1,"9":2,"10":2,"11":1,"12":1,"13":1,"14":1,"15":2,"16":2,"17":2,"18":2,"19":1,"20":1,"21":2,"22":2,"23":2,"24":1,"25":1,"26":1,"27":1,"28":1,"29":1,"30":1,"31":1,"32":1,"33":1,"34":1,"35":1,"36":1,"37":1,"38":1,"39":2,"40":2,"41":1,"42":2,"43":2,"44":1,"45":2,"46":2,"47":1,"48":2,"49":2,"50":1,"51":1,"52":1,"53":1,"54":1},"b":{"1":[2,1,1,1],"2":[1,1,1,1],"3":[1,1],"4":[1,1],"5":[1,1],"6":[1,1],"7":[1,1],"8":[1,1],"9":[1,1],"10":[1,1,1],"11":[1,1],"12":[1,1],"13":[1,1],"14":[1,1],"15":[1,1],"16":[1,1],"17":[1,1]},"f":{"1":2,"2":2,"3":2,"4":2,"5":2,"6":1,"7":1,"8":1,"9":2,"10":2,"11":2,"12":2,"13":1},"fnMap":{"1":{"name":"(anonymous_1)","line":12,"loc":{"start":{"line":12,"column":1},"end":{"line":12,"column":13}}},"2":{"name":"(anonymous_2)","line":19,"loc":{"start":{"line":19,"column":5},"end":{"line":19,"column":17}}},"3":{"name":"(anonymous_3)","line":23,"loc":{"start":{"line":23,"column":24},"end":{"line":23,"column":36}}},"4":{"name":"(anonymous_4)","line":61,"loc":{"start":{"line":61,"column":5},"end":{"line":61,"column":17}}},"5":{"name":"(anonymous_5)","line":82,"loc":{"start":{"line":82,"column":5},"end":{"line":82,"column":17}}},"6":{"name":"(anonymous_6)","line":91,"loc":{"start":{"line":91,"column":77},"end":{"line":94,"column":10}}},"7":{"name":"(anonymous_7)","line":112,"loc":{"start":{"line":112,"column":83},"end":{"line":115,"column":10}},"skip":true},"8":{"name":"(anonymous_8)","line":123,"loc":{"start":{"line":123,"column":77},"end":{"line":126,"column":10}},"skip":true},"9":{"name":"(anonymous_9)","line":139,"loc":{"start":{"line":139,"column":12},"end":{"line":139,"column":40}},"skip":true},"10":{"name":"(anonymous_10)","line":147,"loc":{"start":{"line":147,"column":77},"end":{"line":150,"column":10}},"skip":true},"11":{"name":"(anonymous_11)","line":158,"loc":{"start":{"line":158,"column":83},"end":{"line":161,"column":10}},"skip":true},"12":{"name":"(anonymous_12)","line":169,"loc":{"start":{"line":169,"column":79},"end":{"line":172,"column":10}},"skip":true},"13":{"name":"(anonymous_13)","line":180,"loc":{"start":{"line":180,"column":75},"end":{"line":183,"column":10}},"skip":true}},"statementMap":{"1":{"start":{"line":12,"column":0},"end":{"line":195,"column":5}},"2":{"start":{"line":14,"column":4},"end":{"line":14,"column":14}},"3":{"start":{"line":19,"column":4},"end":{"line":56,"column":9}},"4":{"start":{"line":21,"column":8},"end":{"line":21,"column":19}},"5":{"start":{"line":23,"column":8},"end":{"line":35,"column":13}},"6":{"start":{"line":24,"column":12},"end":{"line":34,"column":13}},"7":{"start":{"line":25,"column":16},"end":{"line":28,"column":30}},"8":{"start":{"line":30,"column":16},"end":{"line":33,"column":27}},"9":{"start":{"line":37,"column":8},"end":{"line":39,"column":21}},"10":{"start":{"line":40,"column":8},"end":{"line":53,"column":9}},"11":{"start":{"line":43,"column":12},"end":{"line":46,"column":14}},"12":{"start":{"line":47,"column":12},"end":{"line":47,"column":18}},"13":{"start":{"line":50,"column":12},"end":{"line":51,"column":33}},"14":{"start":{"line":52,"column":12},"end":{"line":52,"column":18}},"15":{"start":{"line":55,"column":8},"end":{"line":55,"column":35}},"16":{"start":{"line":61,"column":4},"end":{"line":63,"column":9}},"17":{"start":{"line":62,"column":8},"end":{"line":62,"column":15}},"18":{"start":{"line":64,"column":4},"end":{"line":77,"column":5}},"19":{"start":{"line":70,"column":8},"end":{"line":70,"column":14}},"20":{"start":{"line":76,"column":8},"end":{"line":76,"column":14}},"21":{"start":{"line":82,"column":4},"end":{"line":84,"column":9}},"22":{"start":{"line":83,"column":8},"end":{"line":83,"column":15}},"23":{"start":{"line":85,"column":4},"end":{"line":194,"column":5}},"24":{"start":{"line":91,"column":8},"end":{"line":99,"column":10}},"25":{"start":{"line":98,"column":12},"end":{"line":98,"column":35}},"26":{"start":{"line":102,"column":8},"end":{"line":104,"column":63}},"27":{"start":{"line":105,"column":8},"end":{"line":105,"column":14}},"28":{"start":{"line":112,"column":8},"end":{"line":121,"column":10},"skip":true},"29":{"start":{"line":119,"column":12},"end":{"line":119,"column":55},"skip":true},"30":{"start":{"line":120,"column":12},"end":{"line":120,"column":48},"skip":true},"31":{"start":{"line":123,"column":8},"end":{"line":136,"column":10},"skip":true},"32":{"start":{"line":130,"column":12},"end":{"line":130,"column":76},"skip":true},"33":{"start":{"line":131,"column":12},"end":{"line":131,"column":73},"skip":true},"34":{"start":{"line":132,"column":12},"end":{"line":132,"column":74},"skip":true},"35":{"start":{"line":133,"column":12},"end":{"line":133,"column":79},"skip":true},"36":{"start":{"line":134,"column":12},"end":{"line":134,"column":25},"skip":true},"37":{"start":{"line":135,"column":12},"end":{"line":135,"column":45},"skip":true},"38":{"start":{"line":138,"column":8},"end":{"line":145,"column":14},"skip":true},"39":{"start":{"line":143,"column":16},"end":{"line":143,"column":29},"skip":true},"40":{"start":{"line":144,"column":16},"end":{"line":144,"column":55},"skip":true},"41":{"start":{"line":147,"column":8},"end":{"line":156,"column":10},"skip":true},"42":{"start":{"line":154,"column":12},"end":{"line":154,"column":25},"skip":true},"43":{"start":{"line":155,"column":12},"end":{"line":155,"column":45},"skip":true},"44":{"start":{"line":158,"column":8},"end":{"line":167,"column":10},"skip":true},"45":{"start":{"line":165,"column":12},"end":{"line":165,"column":25},"skip":true},"46":{"start":{"line":166,"column":12},"end":{"line":166,"column":48},"skip":true},"47":{"start":{"line":169,"column":8},"end":{"line":178,"column":10},"skip":true},"48":{"start":{"line":176,"column":12},"end":{"line":176,"column":25},"skip":true},"49":{"start":{"line":177,"column":12},"end":{"line":177,"column":46},"skip":true},"50":{"start":{"line":180,"column":8},"end":{"line":189,"column":10},"skip":true},"51":{"start":{"line":187,"column":12},"end":{"line":187,"column":94},"skip":true},"52":{"start":{"line":188,"column":12},"end":{"line":188,"column":48},"skip":true},"53":{"start":{"line":192,"column":8},"end":{"line":192,"column":35},"skip":true},"54":{"start":{"line":193,"column":8},"end":{"line":193,"column":14},"skip":true}},"branchMap":{"1":{"line":25,"type":"binary-expr","locations":[{"start":{"line":25,"column":23},"end":{"line":25,"column":62}},{"start":{"line":26,"column":20},"end":{"line":26,"column":70}},{"start":{"line":27,"column":20},"end":{"line":27,"column":71}},{"start":{"line":28,"column":20},"end":{"line":28,"column":29}}]},"2":{"line":30,"type":"binary-expr","locations":[{"start":{"line":30,"column":23},"end":{"line":30,"column":37}},{"start":{"line":31,"column":20},"end":{"line":31,"column":61}},{"start":{"line":32,"column":20},"end":{"line":32,"column":70}},{"start":{"line":33,"column":20},"end":{"line":33,"column":26}}]},"3":{"line":37,"type":"cond-expr","locations":[{"start":{"line":38,"column":14},"end":{"line":38,"column":20}},{"start":{"line":39,"column":14},"end":{"line":39,"column":20}}]},"4":{"line":40,"type":"switch","locations":[{"start":{"line":42,"column":8},"end":{"line":47,"column":18}},{"start":{"line":49,"column":8},"end":{"line":52,"column":18}}]},"5":{"line":44,"type":"binary-expr","locations":[{"start":{"line":44,"column":16},"end":{"line":44,"column":44}},{"start":{"line":44,"column":48},"end":{"line":44,"column":66}}]},"6":{"line":50,"type":"binary-expr","locations":[{"start":{"line":50,"column":21},"end":{"line":50,"column":49}},{"start":{"line":50,"column":53},"end":{"line":50,"column":72}}]},"7":{"line":64,"type":"switch","locations":[{"start":{"line":69,"column":4},"end":{"line":70,"column":14}},{"start":{"line":75,"column":4},"end":{"line":76,"column":14}}]},"8":{"line":85,"type":"switch","locations":[{"start":{"line":90,"column":4},"end":{"line":105,"column":14}},{"start":{"line":111,"column":4},"end":{"line":193,"column":14},"skip":true}]},"9":{"line":91,"type":"binary-expr","locations":[{"start":{"line":91,"column":42},"end":{"line":91,"column":73}},{"start":{"line":91,"column":77},"end":{"line":99,"column":9}}]},"10":{"line":102,"type":"binary-expr","locations":[{"start":{"line":102,"column":18},"end":{"line":102,"column":32}},{"start":{"line":103,"column":12},"end":{"line":103,"column":53}},{"start":{"line":104,"column":12},"end":{"line":104,"column":61}}]},"11":{"line":112,"type":"binary-expr","locations":[{"start":{"line":112,"column":45},"end":{"line":112,"column":79},"skip":true},{"start":{"line":112,"column":83},"end":{"line":121,"column":9},"skip":true}]},"12":{"line":123,"type":"binary-expr","locations":[{"start":{"line":123,"column":42},"end":{"line":123,"column":73},"skip":true},{"start":{"line":123,"column":77},"end":{"line":136,"column":9},"skip":true}]},"13":{"line":138,"type":"binary-expr","locations":[{"start":{"line":138,"column":48},"end":{"line":138,"column":85},"skip":true},{"start":{"line":139,"column":12},"end":{"line":145,"column":13},"skip":true}]},"14":{"line":147,"type":"binary-expr","locations":[{"start":{"line":147,"column":42},"end":{"line":147,"column":73},"skip":true},{"start":{"line":147,"column":77},"end":{"line":156,"column":9},"skip":true}]},"15":{"line":158,"type":"binary-expr","locations":[{"start":{"line":158,"column":45},"end":{"line":158,"column":79},"skip":true},{"start":{"line":158,"column":83},"end":{"line":167,"column":9},"skip":true}]},"16":{"line":169,"type":"binary-expr","locations":[{"start":{"line":169,"column":43},"end":{"line":169,"column":75},"skip":true},{"start":{"line":169,"column":79},"end":{"line":178,"column":9},"skip":true}]},"17":{"line":180,"type":"binary-expr","locations":[{"start":{"line":180,"column":41},"end":{"line":180,"column":71},"skip":true},{"start":{"line":180,"column":75},"end":{"line":189,"column":9},"skip":true}]}},"code":["/* istanbul instrument in package npmtest_eris */","/*jslint","    bitwise: true,","    browser: true,","    maxerr: 8,","    maxlen: 96,","    node: true,","    nomen: true,","    regexp: true,","    stupid: true","*/","(function () {","    'use strict';","    var local;","","","","    // run shared js-env code - pre-init","    (function () {","        // init local","        local = {};","        // init modeJs","        local.modeJs = (function () {","            try {","                return typeof navigator.userAgent === 'string' &&","                    typeof document.querySelector('body') === 'object' &&","                    typeof XMLHttpRequest.prototype.open === 'function' &&","                    'browser';","            } catch (errorCaughtBrowser) {","                return module.exports &&","                    typeof process.versions.node === 'string' &&","                    typeof require('http').createServer === 'function' &&","                    'node';","            }","        }());","        // init global","        local.global = local.modeJs === 'browser'","            ? window","            : global;","        switch (local.modeJs) {","        // re-init local from window.local","        case 'browser':","            local = local.global.utility2.objectSetDefault(","                local.global.utility2_rollup || local.global.local,","                local.global.utility2","            );","            break;","        // re-init local from example.js","        case 'node':","            local = (local.global.utility2_rollup || require('utility2'))","                .requireReadme();","            break;","        }","        // export local","        local.global.local = local;","    }());","","","","    // run shared js-env code - function","    (function () {","        return;","    }());","    switch (local.modeJs) {","","","","    // run browser js-env code - function","    case 'browser':","        break;","","","","    // run node js-env code - function","    case 'node':","        break;","    }","","","","    // run shared js-env code - post-init","    (function () {","        return;","    }());","    switch (local.modeJs) {","","","","    // run browser js-env code - post-init","    case 'browser':","        local.testCase_browser_nullCase = local.testCase_browser_nullCase || function (","            options,","            onError","        ) {","        /*","         * this function will test browsers's null-case handling-behavior-behavior","         */","            onError(null, options);","        };","","        // run tests","        local.nop(local.modeTest &&","            document.querySelector('#testRunButton1') &&","            document.querySelector('#testRunButton1').click());","        break;","","","","    // run node js-env code - post-init","    /* istanbul ignore next */","    case 'node':","        local.testCase_buildApidoc_default = local.testCase_buildApidoc_default || function (","            options,","            onError","        ) {","        /*","         * this function will test buildApidoc's default handling-behavior-behavior","         */","            options = { modulePathList: module.paths };","            local.buildApidoc(options, onError);","        };","","        local.testCase_buildApp_default = local.testCase_buildApp_default || function (","            options,","            onError","        ) {","        /*","         * this function will test buildApp's default handling-behavior-behavior","         */","            local.testCase_buildReadme_default(options, local.onErrorThrow);","            local.testCase_buildLib_default(options, local.onErrorThrow);","            local.testCase_buildTest_default(options, local.onErrorThrow);","            local.testCase_buildCustomOrg_default(options, local.onErrorThrow);","            options = [];","            local.buildApp(options, onError);","        };","","        local.testCase_buildCustomOrg_default = local.testCase_buildCustomOrg_default ||","            function (options, onError) {","            /*","             * this function will test buildCustomOrg's default handling-behavior","             */","                options = {};","                local.buildCustomOrg(options, onError);","            };","","        local.testCase_buildLib_default = local.testCase_buildLib_default || function (","            options,","            onError","        ) {","        /*","         * this function will test buildLib's default handling-behavior","         */","            options = {};","            local.buildLib(options, onError);","        };","","        local.testCase_buildReadme_default = local.testCase_buildReadme_default || function (","            options,","            onError","        ) {","        /*","         * this function will test buildReadme's default handling-behavior-behavior","         */","            options = {};","            local.buildReadme(options, onError);","        };","","        local.testCase_buildTest_default = local.testCase_buildTest_default || function (","            options,","            onError","        ) {","        /*","         * this function will test buildTest's default handling-behavior","         */","            options = {};","            local.buildTest(options, onError);","        };","","        local.testCase_webpage_default = local.testCase_webpage_default || function (","            options,","            onError","        ) {","        /*","         * this function will test webpage's default handling-behavior","         */","            options = { modeCoverageMerge: true, url: local.serverLocalHost + '?modeTest=1' };","            local.browserTest(options, onError);","        };","","        // run test-server","        local.testRunServer(local);","        break;","    }","}());",""],"l":{"12":2,"14":2,"19":2,"21":2,"23":2,"24":2,"25":2,"30":1,"37":2,"40":2,"43":1,"47":1,"50":1,"52":1,"55":2,"61":2,"62":2,"64":2,"70":1,"76":1,"82":2,"83":2,"85":2,"91":1,"98":1,"102":1,"105":1,"112":1,"119":1,"120":1,"123":1,"130":1,"131":1,"132":1,"133":1,"134":1,"135":1,"138":1,"143":2,"144":2,"147":1,"154":2,"155":2,"158":1,"165":2,"166":2,"169":1,"176":2,"177":2,"180":1,"187":1,"188":1,"192":1,"193":1}},"/home/travis/build/npmtest/node-npmtest-eris/lib.npmtest_eris.js":{"path":"/home/travis/build/npmtest/node-npmtest-eris/lib.npmtest_eris.js","s":{"1":2,"2":2,"3":2,"4":2,"5":2,"6":2,"7":2,"8":1,"9":2,"10":2,"11":2,"12":2,"13":1,"14":1,"15":1,"16":1},"b":{"1":[2,1,1,1],"2":[1,1,1,1],"3":[1,1],"4":[2,2],"5":[1,1]},"f":{"1":2,"2":2,"3":2},"fnMap":{"1":{"name":"(anonymous_1)","line":12,"loc":{"start":{"line":12,"column":1},"end":{"line":12,"column":13}}},"2":{"name":"(anonymous_2)","line":19,"loc":{"start":{"line":19,"column":5},"end":{"line":19,"column":17}}},"3":{"name":"(anonymous_3)","line":23,"loc":{"start":{"line":23,"column":24},"end":{"line":23,"column":36}}}},"statementMap":{"1":{"start":{"line":12,"column":0},"end":{"line":53,"column":5}},"2":{"start":{"line":14,"column":4},"end":{"line":14,"column":14}},"3":{"start":{"line":19,"column":4},"end":{"line":52,"column":9}},"4":{"start":{"line":21,"column":8},"end":{"line":21,"column":19}},"5":{"start":{"line":23,"column":8},"end":{"line":35,"column":13}},"6":{"start":{"line":24,"column":12},"end":{"line":34,"column":13}},"7":{"start":{"line":25,"column":16},"end":{"line":28,"column":30}},"8":{"start":{"line":30,"column":16},"end":{"line":33,"column":27}},"9":{"start":{"line":37,"column":8},"end":{"line":39,"column":21}},"10":{"start":{"line":41,"column":8},"end":{"line":41,"column":54}},"11":{"start":{"line":43,"column":8},"end":{"line":43,"column":49}},"12":{"start":{"line":45,"column":8},"end":{"line":51,"column":9}},"13":{"start":{"line":46,"column":12},"end":{"line":46,"column":55}},"14":{"start":{"line":48,"column":12},"end":{"line":48,"column":35}},"15":{"start":{"line":49,"column":12},"end":{"line":49,"column":49}},"16":{"start":{"line":50,"column":12},"end":{"line":50,"column":43}}},"branchMap":{"1":{"line":25,"type":"binary-expr","locations":[{"start":{"line":25,"column":23},"end":{"line":25,"column":62}},{"start":{"line":26,"column":20},"end":{"line":26,"column":70}},{"start":{"line":27,"column":20},"end":{"line":27,"column":71}},{"start":{"line":28,"column":20},"end":{"line":28,"column":29}}]},"2":{"line":30,"type":"binary-expr","locations":[{"start":{"line":30,"column":23},"end":{"line":30,"column":37}},{"start":{"line":31,"column":20},"end":{"line":31,"column":61}},{"start":{"line":32,"column":20},"end":{"line":32,"column":70}},{"start":{"line":33,"column":20},"end":{"line":33,"column":26}}]},"3":{"line":37,"type":"cond-expr","locations":[{"start":{"line":38,"column":14},"end":{"line":38,"column":20}},{"start":{"line":39,"column":14},"end":{"line":39,"column":20}}]},"4":{"line":41,"type":"binary-expr","locations":[{"start":{"line":41,"column":16},"end":{"line":41,"column":44}},{"start":{"line":41,"column":48},"end":{"line":41,"column":53}}]},"5":{"line":45,"type":"if","locations":[{"start":{"line":45,"column":8},"end":{"line":45,"column":8}},{"start":{"line":45,"column":8},"end":{"line":45,"column":8}}]}},"code":["/* istanbul instrument in package npmtest_eris */","/*jslint","    bitwise: true,","    browser: true,","    maxerr: 8,","    maxlen: 96,","    node: true,","    nomen: true,","    regexp: true,","    stupid: true","*/","(function () {","    'use strict';","    var local;","","","","    // run shared js-env code - pre-init","    (function () {","        // init local","        local = {};","        // init modeJs","        local.modeJs = (function () {","            try {","                return typeof navigator.userAgent === 'string' &&","                    typeof document.querySelector('body') === 'object' &&","                    typeof XMLHttpRequest.prototype.open === 'function' &&","                    'browser';","            } catch (errorCaughtBrowser) {","                return module.exports &&","                    typeof process.versions.node === 'string' &&","                    typeof require('http').createServer === 'function' &&","                    'node';","            }","        }());","        // init global","        local.global = local.modeJs === 'browser'","            ? window","            : global;","        // init utility2_rollup","        local = local.global.utility2_rollup || local;","        // init lib","        local.local = local.npmtest_eris = local;","        // init exports","        if (local.modeJs === 'browser') {","            local.global.utility2_npmtest_eris = local;","        } else {","            module.exports = local;","            module.exports.__dirname = __dirname;","            module.exports.module = module;","        }","    }());","}());",""],"l":{"12":2,"14":2,"19":2,"21":2,"23":2,"24":2,"25":2,"30":1,"37":2,"41":2,"43":2,"45":2,"46":1,"48":1,"49":1,"50":1}},"/home/travis/build/npmtest/node-npmtest-eris/example.js":{"path":"/home/travis/build/npmtest/node-npmtest-eris/example.js","s":{"1":2,"2":2,"3":2,"4":2,"5":2,"6":2,"7":2,"8":1,"9":2,"10":2,"11":2,"12":2,"13":1,"14":2,"15":2,"16":2,"17":2,"18":2,"19":0,"20":2,"21":1,"22":1,"23":1,"24":1,"25":1,"26":0,"27":0,"28":1,"29":1,"30":2,"31":0,"32":0,"33":0,"34":1,"35":2,"36":2,"37":3,"38":3,"39":3,"40":3,"41":0,"42":3,"43":3,"44":3,"45":1,"46":3,"47":1,"48":1,"49":1,"50":1,"51":1,"52":1,"53":1,"54":1,"55":1,"56":1,"57":0,"58":1,"59":6,"60":6,"61":1,"62":2,"63":0,"64":2,"65":1,"66":1,"67":0,"68":0,"69":0,"70":0,"71":0,"72":0,"73":0,"74":0,"75":0,"76":0,"77":0,"78":0,"79":0,"80":0,"81":0,"82":0,"83":0},"b":{"1":[2,1,1,1],"2":[1,1,1,1],"3":[1,1],"4":[2,2],"5":[1,1],"6":[1,1],"7":[2,0],"8":[2,1,1,1,1,1],"9":[0,2,0],"10":[1,1],"11":[2,1,1],"12":[1,0],"13":[0,2],"14":[2,0,0,0,0,0,0],"15":[0,3],"16":[3,0],"17":[1,1],"18":[0,1],"19":[1,2,0,2],"20":[1,0],"21":[1,1],"22":[0,0],"23":[0,0],"24":[0,0],"25":[0,0],"26":[0,0],"27":[0,0],"28":[0,0]},"f":{"1":2,"2":2,"3":2,"4":2,"5":2,"6":2,"7":3,"8":3,"9":3,"10":1,"11":6,"12":0},"fnMap":{"1":{"name":"(anonymous_1)","line":26,"loc":{"start":{"line":26,"column":1},"end":{"line":26,"column":13}}},"2":{"name":"(anonymous_2)","line":33,"loc":{"start":{"line":33,"column":5},"end":{"line":33,"column":17}}},"3":{"name":"(anonymous_3)","line":37,"loc":{"start":{"line":37,"column":24},"end":{"line":37,"column":36}}},"4":{"name":"(anonymous_4)","line":69,"loc":{"start":{"line":69,"column":31},"end":{"line":69,"column":48}},"skip":true},"5":{"name":"(anonymous_5)","line":78,"loc":{"start":{"line":78,"column":26},"end":{"line":78,"column":45}},"skip":true},"6":{"name":"(anonymous_6)","line":123,"loc":{"start":{"line":123,"column":33},"end":{"line":123,"column":48}},"skip":true},"7":{"name":"(anonymous_7)","line":125,"loc":{"start":{"line":125,"column":27},"end":{"line":125,"column":39}},"skip":true},"8":{"name":"(anonymous_8)","line":133,"loc":{"start":{"line":133,"column":59},"end":{"line":133,"column":74}},"skip":true},"9":{"name":"(anonymous_9)","line":143,"loc":{"start":{"line":143,"column":45},"end":{"line":143,"column":62}},"skip":true},"10":{"name":"(anonymous_10)","line":144,"loc":{"start":{"line":144,"column":73},"end":{"line":144,"column":92}},"skip":true},"11":{"name":"(anonymous_11)","line":272,"loc":{"start":{"line":272,"column":51},"end":{"line":272,"column":77}},"skip":true},"12":{"name":"(anonymous_12)","line":315,"loc":{"start":{"line":315,"column":32},"end":{"line":315,"column":61}},"skip":true}},"statementMap":{"1":{"start":{"line":26,"column":0},"end":{"line":326,"column":5}},"2":{"start":{"line":28,"column":4},"end":{"line":28,"column":14}},"3":{"start":{"line":33,"column":4},"end":{"line":60,"column":9}},"4":{"start":{"line":35,"column":8},"end":{"line":35,"column":19}},"5":{"start":{"line":37,"column":8},"end":{"line":49,"column":13}},"6":{"start":{"line":38,"column":12},"end":{"line":48,"column":13}},"7":{"start":{"line":39,"column":16},"end":{"line":42,"column":30}},"8":{"start":{"line":44,"column":16},"end":{"line":47,"column":27}},"9":{"start":{"line":51,"column":8},"end":{"line":53,"column":21}},"10":{"start":{"line":55,"column":8},"end":{"line":57,"column":45}},"11":{"start":{"line":59,"column":8},"end":{"line":59,"column":35}},"12":{"start":{"line":61,"column":4},"end":{"line":325,"column":5}},"13":{"start":{"line":69,"column":8},"end":{"line":121,"column":10},"skip":true},"14":{"start":{"line":70,"column":12},"end":{"line":88,"column":13},"skip":true},"15":{"start":{"line":76,"column":16},"end":{"line":87,"column":19},"skip":true},"16":{"start":{"line":79,"column":20},"end":{"line":86,"column":21},"skip":true},"17":{"start":{"line":82,"column":24},"end":{"line":82,"column":43},"skip":true},"18":{"start":{"line":83,"column":24},"end":{"line":83,"column":30},"skip":true},"19":{"start":{"line":85,"column":24},"end":{"line":85,"column":49},"skip":true},"20":{"start":{"line":89,"column":12},"end":{"line":107,"column":13},"skip":true},"21":{"start":{"line":92,"column":16},"end":{"line":102,"column":17},"skip":true},"22":{"start":{"line":93,"column":20},"end":{"line":93,"column":86},"skip":true},"23":{"start":{"line":94,"column":20},"end":{"line":95,"column":45},"skip":true},"24":{"start":{"line":96,"column":20},"end":{"line":96,"column":42},"skip":true},"25":{"start":{"line":97,"column":20},"end":{"line":97,"column":48},"skip":true},"26":{"start":{"line":100,"column":20},"end":{"line":100,"column":85},"skip":true},"27":{"start":{"line":101,"column":20},"end":{"line":101,"column":96},"skip":true},"28":{"start":{"line":103,"column":16},"end":{"line":103,"column":22},"skip":true},"29":{"start":{"line":106,"column":16},"end":{"line":106,"column":22},"skip":true},"30":{"start":{"line":108,"column":12},"end":{"line":120,"column":13},"skip":true},"31":{"start":{"line":114,"column":16},"end":{"line":119,"column":17},"skip":true},"32":{"start":{"line":116,"column":20},"end":{"line":116,"column":78},"skip":true},"33":{"start":{"line":118,"column":20},"end":{"line":118,"column":47},"skip":true},"34":{"start":{"line":123,"column":8},"end":{"line":141,"column":11},"skip":true},"35":{"start":{"line":124,"column":12},"end":{"line":124,"column":54},"skip":true},"36":{"start":{"line":125,"column":12},"end":{"line":140,"column":14},"skip":true},"37":{"start":{"line":126,"column":16},"end":{"line":126,"column":28},"skip":true},"38":{"start":{"line":127,"column":16},"end":{"line":127,"column":69},"skip":true},"39":{"start":{"line":128,"column":16},"end":{"line":128,"column":75},"skip":true},"40":{"start":{"line":129,"column":16},"end":{"line":131,"column":17},"skip":true},"41":{"start":{"line":130,"column":20},"end":{"line":130,"column":27},"skip":true},"42":{"start":{"line":133,"column":16},"end":{"line":137,"column":36},"skip":true},"43":{"start":{"line":134,"column":20},"end":{"line":136,"column":55},"skip":true},"44":{"start":{"line":139,"column":16},"end":{"line":139,"column":57},"skip":true},"45":{"start":{"line":143,"column":8},"end":{"line":147,"column":11},"skip":true},"46":{"start":{"line":144,"column":12},"end":{"line":146,"column":15},"skip":true},"47":{"start":{"line":145,"column":16},"end":{"line":145,"column":70},"skip":true},"48":{"start":{"line":149,"column":8},"end":{"line":149,"column":31},"skip":true},"49":{"start":{"line":150,"column":8},"end":{"line":150,"column":14},"skip":true},"50":{"start":{"line":158,"column":8},"end":{"line":158,"column":31},"skip":true},"51":{"start":{"line":160,"column":8},"end":{"line":160,"column":33},"skip":true},"52":{"start":{"line":161,"column":8},"end":{"line":161,"column":37},"skip":true},"53":{"start":{"line":162,"column":8},"end":{"line":162,"column":35},"skip":true},"54":{"start":{"line":164,"column":8},"end":{"line":164,"column":50},"skip":true},"55":{"start":{"line":166,"column":8},"end":{"line":256,"column":2},"skip":true},"56":{"start":{"line":258,"column":8},"end":{"line":286,"column":9},"skip":true},"57":{"start":{"line":259,"column":12},"end":{"line":269,"column":14},"skip":true},"58":{"start":{"line":271,"column":12},"end":{"line":285,"column":19},"skip":true},"59":{"start":{"line":274,"column":20},"end":{"line":274,"column":35},"skip":true},"60":{"start":{"line":275,"column":20},"end":{"line":284,"column":21},"skip":true},"61":{"start":{"line":277,"column":24},"end":{"line":277,"column":64},"skip":true},"62":{"start":{"line":279,"column":24},"end":{"line":279,"column":40},"skip":true},"63":{"start":{"line":281,"column":24},"end":{"line":281,"column":40},"skip":true},"64":{"start":{"line":283,"column":24},"end":{"line":283,"column":39},"skip":true},"65":{"start":{"line":288,"column":8},"end":{"line":290,"column":9},"skip":true},"66":{"start":{"line":289,"column":12},"end":{"line":289,"column":18},"skip":true},"67":{"start":{"line":291,"column":8},"end":{"line":293,"column":54},"skip":true},"68":{"start":{"line":296,"column":8},"end":{"line":301,"column":37},"skip":true},"69":{"start":{"line":303,"column":8},"end":{"line":303,"column":82},"skip":true},"70":{"start":{"line":306,"column":8},"end":{"line":308,"column":9},"skip":true},"71":{"start":{"line":307,"column":12},"end":{"line":307,"column":82},"skip":true},"72":{"start":{"line":310,"column":8},"end":{"line":312,"column":9},"skip":true},"73":{"start":{"line":311,"column":12},"end":{"line":311,"column":18},"skip":true},"74":{"start":{"line":313,"column":8},"end":{"line":313,"column":54},"skip":true},"75":{"start":{"line":314,"column":8},"end":{"line":314,"column":69},"skip":true},"76":{"start":{"line":315,"column":8},"end":{"line":323,"column":36},"skip":true},"77":{"start":{"line":316,"column":12},"end":{"line":316,"column":61},"skip":true},"78":{"start":{"line":317,"column":12},"end":{"line":320,"column":13},"skip":true},"79":{"start":{"line":318,"column":16},"end":{"line":318,"column":75},"skip":true},"80":{"start":{"line":319,"column":16},"end":{"line":319,"column":23},"skip":true},"81":{"start":{"line":321,"column":12},"end":{"line":321,"column":38},"skip":true},"82":{"start":{"line":322,"column":12},"end":{"line":322,"column":27},"skip":true},"83":{"start":{"line":324,"column":8},"end":{"line":324,"column":14},"skip":true}},"branchMap":{"1":{"line":39,"type":"binary-expr","locations":[{"start":{"line":39,"column":23},"end":{"line":39,"column":62}},{"start":{"line":40,"column":20},"end":{"line":40,"column":70}},{"start":{"line":41,"column":20},"end":{"line":41,"column":71}},{"start":{"line":42,"column":20},"end":{"line":42,"column":29}}]},"2":{"line":44,"type":"binary-expr","locations":[{"start":{"line":44,"column":23},"end":{"line":44,"column":37}},{"start":{"line":45,"column":20},"end":{"line":45,"column":61}},{"start":{"line":46,"column":20},"end":{"line":46,"column":70}},{"start":{"line":47,"column":20},"end":{"line":47,"column":26}}]},"3":{"line":51,"type":"cond-expr","locations":[{"start":{"line":52,"column":14},"end":{"line":52,"column":20}},{"start":{"line":53,"column":14},"end":{"line":53,"column":20}}]},"4":{"line":55,"type":"binary-expr","locations":[{"start":{"line":55,"column":16},"end":{"line":55,"column":44}},{"start":{"line":55,"column":49},"end":{"line":57,"column":43}}]},"5":{"line":55,"type":"cond-expr","locations":[{"start":{"line":56,"column":14},"end":{"line":56,"column":48}},{"start":{"line":57,"column":14},"end":{"line":57,"column":43}}]},"6":{"line":61,"type":"switch","locations":[{"start":{"line":68,"column":4},"end":{"line":150,"column":14},"skip":true},{"start":{"line":156,"column":4},"end":{"line":324,"column":14},"skip":true}]},"7":{"line":70,"type":"if","locations":[{"start":{"line":70,"column":12},"end":{"line":70,"column":12},"skip":true},{"start":{"line":70,"column":12},"end":{"line":70,"column":12},"skip":true}]},"8":{"line":70,"type":"binary-expr","locations":[{"start":{"line":70,"column":16},"end":{"line":70,"column":22},"skip":true},{"start":{"line":70,"column":27},"end":{"line":70,"column":32},"skip":true},{"start":{"line":71,"column":20},"end":{"line":71,"column":39},"skip":true},{"start":{"line":72,"column":20},"end":{"line":72,"column":49},"skip":true},{"start":{"line":73,"column":20},"end":{"line":73,"column":58},"skip":true},{"start":{"line":74,"column":20},"end":{"line":74,"column":69},"skip":true}]},"9":{"line":79,"type":"switch","locations":[{"start":{"line":80,"column":20},"end":{"line":80,"column":33},"skip":true},{"start":{"line":81,"column":20},"end":{"line":83,"column":30},"skip":true},{"start":{"line":84,"column":20},"end":{"line":85,"column":49},"skip":true}]},"10":{"line":89,"type":"switch","locations":[{"start":{"line":90,"column":12},"end":{"line":103,"column":22},"skip":true},{"start":{"line":105,"column":12},"end":{"line":106,"column":22},"skip":true}]},"11":{"line":89,"type":"binary-expr","locations":[{"start":{"line":89,"column":20},"end":{"line":89,"column":25},"skip":true},{"start":{"line":89,"column":29},"end":{"line":89,"column":48},"skip":true},{"start":{"line":89,"column":52},"end":{"line":89,"column":74},"skip":true}]},"12":{"line":92,"type":"if","locations":[{"start":{"line":92,"column":16},"end":{"line":92,"column":16},"skip":true},{"start":{"line":92,"column":16},"end":{"line":92,"column":16},"skip":true}]},"13":{"line":108,"type":"if","locations":[{"start":{"line":108,"column":12},"end":{"line":108,"column":12},"skip":true},{"start":{"line":108,"column":12},"end":{"line":108,"column":12},"skip":true}]},"14":{"line":108,"type":"binary-expr","locations":[{"start":{"line":108,"column":16},"end":{"line":108,"column":61},"skip":true},{"start":{"line":108,"column":66},"end":{"line":108,"column":72},"skip":true},{"start":{"line":108,"column":77},"end":{"line":108,"column":82},"skip":true},{"start":{"line":109,"column":20},"end":{"line":109,"column":39},"skip":true},{"start":{"line":110,"column":20},"end":{"line":110,"column":49},"skip":true},{"start":{"line":111,"column":20},"end":{"line":111,"column":58},"skip":true},{"start":{"line":112,"column":20},"end":{"line":112,"column":68},"skip":true}]},"15":{"line":129,"type":"if","locations":[{"start":{"line":129,"column":16},"end":{"line":129,"column":16},"skip":true},{"start":{"line":129,"column":16},"end":{"line":129,"column":16},"skip":true}]},"16":{"line":134,"type":"cond-expr","locations":[{"start":{"line":135,"column":26},"end":{"line":135,"column":29},"skip":true},{"start":{"line":136,"column":26},"end":{"line":136,"column":54},"skip":true}]},"17":{"line":164,"type":"binary-expr","locations":[{"start":{"line":164,"column":27},"end":{"line":164,"column":43},"skip":true},{"start":{"line":164,"column":47},"end":{"line":164,"column":49},"skip":true}]},"18":{"line":258,"type":"if","locations":[{"start":{"line":258,"column":8},"end":{"line":258,"column":8},"skip":true},{"start":{"line":258,"column":8},"end":{"line":258,"column":8},"skip":true}]},"19":{"line":275,"type":"switch","locations":[{"start":{"line":276,"column":20},"end":{"line":277,"column":64},"skip":true},{"start":{"line":278,"column":20},"end":{"line":279,"column":40},"skip":true},{"start":{"line":280,"column":20},"end":{"line":281,"column":40},"skip":true},{"start":{"line":282,"column":20},"end":{"line":283,"column":39},"skip":true}]},"20":{"line":288,"type":"if","locations":[{"start":{"line":288,"column":8},"end":{"line":288,"column":8},"skip":true},{"start":{"line":288,"column":8},"end":{"line":288,"column":8},"skip":true}]},"21":{"line":288,"type":"binary-expr","locations":[{"start":{"line":288,"column":12},"end":{"line":288,"column":40},"skip":true},{"start":{"line":288,"column":44},"end":{"line":288,"column":67},"skip":true}]},"22":{"line":292,"type":"binary-expr","locations":[{"start":{"line":292,"column":12},"end":{"line":292,"column":50},"skip":true},{"start":{"line":293,"column":12},"end":{"line":293,"column":53},"skip":true}]},"23":{"line":297,"type":"binary-expr","locations":[{"start":{"line":297,"column":12},"end":{"line":297,"column":62},"skip":true},{"start":{"line":298,"column":12},"end":{"line":301,"column":36},"skip":true}]},"24":{"line":303,"type":"binary-expr","locations":[{"start":{"line":303,"column":43},"end":{"line":303,"column":75},"skip":true},{"start":{"line":303,"column":79},"end":{"line":303,"column":81},"skip":true}]},"25":{"line":306,"type":"if","locations":[{"start":{"line":306,"column":8},"end":{"line":306,"column":8},"skip":true},{"start":{"line":306,"column":8},"end":{"line":306,"column":8},"skip":true}]},"26":{"line":310,"type":"if","locations":[{"start":{"line":310,"column":8},"end":{"line":310,"column":8},"skip":true},{"start":{"line":310,"column":8},"end":{"line":310,"column":8},"skip":true}]},"27":{"line":313,"type":"binary-expr","locations":[{"start":{"line":313,"column":27},"end":{"line":313,"column":43},"skip":true},{"start":{"line":313,"column":47},"end":{"line":313,"column":53},"skip":true}]},"28":{"line":317,"type":"if","locations":[{"start":{"line":317,"column":12},"end":{"line":317,"column":12},"skip":true},{"start":{"line":317,"column":12},"end":{"line":317,"column":12},"skip":true}]}},"code":["/*","example.js","","quickstart example","","instruction","    1. save this script as example.js","    2. run the shell command:","        $ npm install npmtest-eris && PORT=8081 node example.js","    3. play with the browser-demo on http://127.0.0.1:8081","*/","","","","/* istanbul instrument in package npmtest_eris */","/*jslint","    bitwise: true,","    browser: true,","    maxerr: 8,","    maxlen: 96,","    node: true,","    nomen: true,","    regexp: true,","    stupid: true","*/","(function () {","    'use strict';","    var local;","","","","    // run shared js-env code - pre-init","    (function () {","        // init local","        local = {};","        // init modeJs","        local.modeJs = (function () {","            try {","                return typeof navigator.userAgent === 'string' &&","                    typeof document.querySelector('body') === 'object' &&","                    typeof XMLHttpRequest.prototype.open === 'function' &&","                    'browser';","            } catch (errorCaughtBrowser) {","                return module.exports &&","                    typeof process.versions.node === 'string' &&","                    typeof require('http').createServer === 'function' &&","                    'node';","            }","        }());","        // init global","        local.global = local.modeJs === 'browser'","            ? window","            : global;","        // init utility2_rollup","        local = local.global.utility2_rollup || (local.modeJs === 'browser'","            ? local.global.utility2_npmtest_eris","            : global.utility2_moduleExports);","        // export local","        local.global.local = local;","    }());","    switch (local.modeJs) {","","","","    // post-init","    // run browser js-env code - post-init","    /* istanbul ignore next */","    case 'browser':","        local.testRunBrowser = function (event) {","            if (!event || (event &&","                    event.currentTarget &&","                    event.currentTarget.className &&","                    event.currentTarget.className.includes &&","                    event.currentTarget.className.includes('onreset'))) {","                // reset output","                Array.from(","                    document.querySelectorAll('body > .resettable')","                ).forEach(function (element) {","                    switch (element.tagName) {","                    case 'INPUT':","                    case 'TEXTAREA':","                        element.value = '';","                        break;","                    default:","                        element.textContent = '';","                    }","                });","            }","            switch (event && event.currentTarget && event.currentTarget.id) {","            case 'testRunButton1':","                // show tests","                if (document.querySelector('#testReportDiv1').style.display === 'none') {","                    document.querySelector('#testReportDiv1').style.display = 'block';","                    document.querySelector('#testRunButton1').textContent =","                        'hide internal test';","                    local.modeTest = true;","                    local.testRunDefault(local);","                // hide tests","                } else {","                    document.querySelector('#testReportDiv1').style.display = 'none';","                    document.querySelector('#testRunButton1').textContent = 'run internal test';","                }","                break;","            // custom-case","            default:","                break;","            }","            if (document.querySelector('#inputTextareaEval1') && (!event || (event &&","                    event.currentTarget &&","                    event.currentTarget.className &&","                    event.currentTarget.className.includes &&","                    event.currentTarget.className.includes('oneval')))) {","                // try to eval input-code","                try {","                    /*jslint evil: true*/","                    eval(document.querySelector('#inputTextareaEval1').value);","                } catch (errorCaught) {","                    console.error(errorCaught);","                }","            }","        };","        // log stderr and stdout to #outputTextareaStdout1","        ['error', 'log'].forEach(function (key) {","            console[key + '_original'] = console[key];","            console[key] = function () {","                var element;","                console[key + '_original'].apply(console, arguments);","                element = document.querySelector('#outputTextareaStdout1');","                if (!element) {","                    return;","                }","                // append text to #outputTextareaStdout1","                element.value += Array.from(arguments).map(function (arg) {","                    return typeof arg === 'string'","                        ? arg","                        : JSON.stringify(arg, null, 4);","                }).join(' ') + '\\n';","                // scroll textarea to bottom","                element.scrollTop = element.scrollHeight;","            };","        });","        // init event-handling","        ['change', 'click', 'keyup'].forEach(function (event) {","            Array.from(document.querySelectorAll('.on' + event)).forEach(function (element) {","                element.addEventListener(event, local.testRunBrowser);","            });","        });","        // run tests","        local.testRunBrowser();","        break;","","","","    // run node js-env code - post-init","    /* istanbul ignore next */","    case 'node':","        // export local","        module.exports = local;","        // require modules","        local.fs = require('fs');","        local.http = require('http');","        local.url = require('url');","        // init assets","        local.assetsDict = local.assetsDict || {};","        /* jslint-ignore-begin */","        local.assetsDict['/assets.index.template.html'] = '\\","<!doctype html>\\n\\","<html lang=\"en\">\\n\\","<head>\\n\\","<meta charset=\"UTF-8\">\\n\\","<meta name=\"viewport\" content=\"width=device-width, initial-scale=1\">\\n\\","<title>{{env.npm_package_name}} (v{{env.npm_package_version}})</title>\\n\\","<style>\\n\\","/*csslint\\n\\","    box-sizing: false,\\n\\","    universal-selector: false\\n\\","*/\\n\\","* {\\n\\","    box-sizing: border-box;\\n\\","}\\n\\","body {\\n\\","    background: #dde;\\n\\","    font-family: Arial, Helvetica, sans-serif;\\n\\","    margin: 2rem;\\n\\","}\\n\\","body > * {\\n\\","    margin-bottom: 1rem;\\n\\","}\\n\\",".utility2FooterDiv {\\n\\","    margin-top: 20px;\\n\\","    text-align: center;\\n\\","}\\n\\","</style>\\n\\","<style>\\n\\","/*csslint\\n\\","*/\\n\\","textarea {\\n\\","    font-family: monospace;\\n\\","    height: 10rem;\\n\\","    width: 100%;\\n\\","}\\n\\","textarea[readonly] {\\n\\","    background: #ddd;\\n\\","}\\n\\","</style>\\n\\","</head>\\n\\","<body>\\n\\","<!-- utility2-comment\\n\\","<div id=\"ajaxProgressDiv1\" style=\"background: #d00; height: 2px; left: 0; margin: 0; padding: 0; position: fixed; top: 0; transition: background 0.5s, width 1.5s; width: 25%;\"></div>\\n\\","utility2-comment -->\\n\\","<h1>\\n\\","<!-- utility2-comment\\n\\","    <a\\n\\","        {{#if env.npm_package_homepage}}\\n\\","        href=\"{{env.npm_package_homepage}}\"\\n\\","        {{/if env.npm_package_homepage}}\\n\\","        target=\"_blank\"\\n\\","    >\\n\\","utility2-comment -->\\n\\","        {{env.npm_package_name}} (v{{env.npm_package_version}})\\n\\","<!-- utility2-comment\\n\\","    </a>\\n\\","utility2-comment -->\\n\\","</h1>\\n\\","<h3>{{env.npm_package_description}}</h3>\\n\\","<!-- utility2-comment\\n\\","<h4><a download href=\"assets.app.js\">download standalone app</a></h4>\\n\\","<button class=\"onclick onreset\" id=\"testRunButton1\">run internal test</button><br>\\n\\","<div id=\"testReportDiv1\" style=\"display: none;\"></div>\\n\\","utility2-comment -->\\n\\","\\n\\","\\n\\","\\n\\","<label>stderr and stdout</label>\\n\\","<textarea class=\"resettable\" id=\"outputTextareaStdout1\" readonly></textarea>\\n\\","<!-- utility2-comment\\n\\","{{#if isRollup}}\\n\\","<script src=\"assets.app.js\"></script>\\n\\","{{#unless isRollup}}\\n\\","utility2-comment -->\\n\\","<script src=\"assets.utility2.rollup.js\"></script>\\n\\","<script src=\"jsonp.utility2._stateInit?callback=window.utility2._stateInit\"></script>\\n\\","<script src=\"assets.npmtest_eris.rollup.js\"></script>\\n\\","<script src=\"assets.example.js\"></script>\\n\\","<script src=\"assets.test.js\"></script>\\n\\","<!-- utility2-comment\\n\\","{{/if isRollup}}\\n\\","utility2-comment -->\\n\\","<div class=\"utility2FooterDiv\">\\n\\","    [ this app was created with\\n\\","    <a href=\"https://github.com/kaizhu256/node-utility2\" target=\"_blank\">utility2</a>\\n\\","    ]\\n\\","</div>\\n\\","</body>\\n\\","</html>\\n\\","';","        /* jslint-ignore-end */","        if (local.templateRender) {","            local.assetsDict['/'] = local.templateRender(","                local.assetsDict['/assets.index.template.html'],","                {","                    env: local.objectSetDefault(local.env, {","                        npm_package_description: 'the greatest app in the world!',","                        npm_package_name: 'my-app',","                        npm_package_nameAlias: 'my_app',","                        npm_package_version: '0.0.1'","                    })","                }","            );","        } else {","            local.assetsDict['/'] = local.assetsDict['/assets.index.template.html']","                .replace((/\\{\\{env\\.(\\w+?)\\}\\}/g), function (match0, match1) {","                    // jslint-hack","                    String(match0);","                    switch (match1) {","                    case 'npm_package_description':","                        return 'the greatest app in the world!';","                    case 'npm_package_name':","                        return 'my-app';","                    case 'npm_package_nameAlias':","                        return 'my_app';","                    case 'npm_package_version':","                        return '0.0.1';","                    }","                });","        }","        // run the cli","        if (local.global.utility2_rollup || module !== require.main) {","            break;","        }","        local.assetsDict['/assets.example.js'] =","            local.assetsDict['/assets.example.js'] ||","            local.fs.readFileSync(__filename, 'utf8');","        // bug-workaround - long $npm_package_buildCustomOrg","        /* jslint-ignore-begin */","        local.assetsDict['/assets.npmtest_eris.rollup.js'] =","            local.assetsDict['/assets.npmtest_eris.rollup.js'] ||","            local.fs.readFileSync(","                local.npmtest_eris.__dirname + '/lib.npmtest_eris.js',","                'utf8'","            ).replace((/^#!/), '//');","        /* jslint-ignore-end */","        local.assetsDict['/favicon.ico'] = local.assetsDict['/favicon.ico'] || '';","        // if $npm_config_timeout_exit exists,","        // then exit this process after $npm_config_timeout_exit ms","        if (Number(process.env.npm_config_timeout_exit)) {","            setTimeout(process.exit, Number(process.env.npm_config_timeout_exit));","        }","        // start server","        if (local.global.utility2_serverHttp1) {","            break;","        }","        process.env.PORT = process.env.PORT || '8081';","        console.error('server starting on port ' + process.env.PORT);","        local.http.createServer(function (request, response) {","            request.urlParsed = local.url.parse(request.url);","            if (local.assetsDict[request.urlParsed.pathname] !== undefined) {","                response.end(local.assetsDict[request.urlParsed.pathname]);","                return;","            }","            response.statusCode = 404;","            response.end();","        }).listen(process.env.PORT);","        break;","    }","}());",""],"l":{"26":2,"28":2,"33":2,"35":2,"37":2,"38":2,"39":2,"44":1,"51":2,"55":2,"59":2,"61":2,"69":1,"70":2,"76":2,"79":2,"82":2,"83":2,"85":1,"89":2,"92":1,"93":1,"94":1,"96":1,"97":1,"100":1,"101":1,"103":1,"106":1,"108":2,"114":1,"116":1,"118":1,"123":1,"124":2,"125":2,"126":3,"127":3,"128":3,"129":3,"130":1,"133":3,"134":3,"139":3,"143":1,"144":3,"145":1,"149":1,"150":1,"158":1,"160":1,"161":1,"162":1,"164":1,"166":1,"258":1,"259":1,"271":1,"274":6,"275":6,"277":1,"279":2,"281":1,"283":2,"288":1,"289":1,"291":1,"296":1,"303":1,"306":1,"307":1,"310":1,"311":1,"313":1,"314":1,"315":1,"316":1,"317":1,"318":1,"319":1,"321":1,"322":1,"324":1}},"/home/travis/build/npmtest/node-npmtest-eris/node_modules/eris/index.js":{"path":"/home/travis/build/npmtest/node-npmtest-eris/node_modules/eris/index.js","s":{"1":1,"2":1,"3":0,"4":1,"5":1,"6":1,"7":1,"8":1,"9":1,"10":1,"11":1,"12":1,"13":1,"14":1,"15":1,"16":1,"17":1,"18":1,"19":1,"20":1,"21":1,"22":1,"23":1,"24":1,"25":1,"26":1,"27":1,"28":1,"29":1,"30":1,"31":1},"b":{},"f":{"1":0},"fnMap":{"1":{"name":"Eris","line":5,"loc":{"start":{"line":5,"column":0},"end":{"line":5,"column":30}}}},"statementMap":{"1":{"start":{"line":3,"column":0},"end":{"line":3,"column":39}},"2":{"start":{"line":5,"column":0},"end":{"line":7,"column":1}},"3":{"start":{"line":6,"column":4},"end":{"line":6,"column":38}},"4":{"start":{"line":9,"column":0},"end":{"line":9,"column":43}},"5":{"start":{"line":10,"column":0},"end":{"line":10,"column":45}},"6":{"start":{"line":11,"column":0},"end":{"line":11,"column":51}},"7":{"start":{"line":12,"column":0},"end":{"line":12,"column":21}},"8":{"start":{"line":13,"column":0},"end":{"line":13,"column":51}},"9":{"start":{"line":14,"column":0},"end":{"line":14,"column":48}},"10":{"start":{"line":15,"column":0},"end":{"line":15,"column":60}},"11":{"start":{"line":16,"column":0},"end":{"line":16,"column":44}},"12":{"start":{"line":17,"column":0},"end":{"line":17,"column":61}},"13":{"start":{"line":18,"column":0},"end":{"line":18,"column":61}},"14":{"start":{"line":19,"column":0},"end":{"line":19,"column":47}},"15":{"start":{"line":20,"column":0},"end":{"line":20,"column":61}},"16":{"start":{"line":21,"column":0},"end":{"line":21,"column":69}},"17":{"start":{"line":22,"column":0},"end":{"line":22,"column":49}},"18":{"start":{"line":23,"column":0},"end":{"line":23,"column":49}},"19":{"start":{"line":24,"column":0},"end":{"line":24,"column":51}},"20":{"start":{"line":25,"column":0},"end":{"line":25,"column":57}},"21":{"start":{"line":26,"column":0},"end":{"line":26,"column":75}},"22":{"start":{"line":27,"column":0},"end":{"line":27,"column":65}},"23":{"start":{"line":28,"column":0},"end":{"line":28,"column":61}},"24":{"start":{"line":29,"column":0},"end":{"line":29,"column":45}},"25":{"start":{"line":30,"column":0},"end":{"line":30,"column":44}},"26":{"start":{"line":31,"column":0},"end":{"line":31,"column":56}},"27":{"start":{"line":32,"column":0},"end":{"line":32,"column":45}},"28":{"start":{"line":33,"column":0},"end":{"line":33,"column":62}},"29":{"start":{"line":34,"column":0},"end":{"line":34,"column":76}},"30":{"start":{"line":35,"column":0},"end":{"line":35,"column":57}},"31":{"start":{"line":37,"column":0},"end":{"line":37,"column":22}}},"branchMap":{},"code":["\"use strict\";","","const Client = require(\"./lib/Client\");","","function Eris(token, options) {","    return new Client(token, options);","}","","Eris.Bucket = require(\"./lib/util/Bucket\");","Eris.Call = require(\"./lib/structures/Call\");","Eris.Channel = require(\"./lib/structures/Channel\");","Eris.Client = Client;","Eris.Collection = require(\"./lib/util/Collection\");","Eris.Command = require(\"./lib/command/Command\");","Eris.CommandClient = require(\"./lib/command/CommandClient\");","Eris.Constants = require(\"./lib/Constants\");","Eris.ExtendedUser = require(\"./lib/structures/ExtendedUser\");","Eris.GroupChannel = require(\"./lib/structures/GroupChannel\");","Eris.Guild = require(\"./lib/structures/Guild\");","Eris.GuildChannel = require(\"./lib/structures/GuildChannel\");","Eris.GuildIntegration = require(\"./lib/structures/GuildIntegration\");","Eris.Invite = require(\"./lib/structures/Invite\");","Eris.Member = require(\"./lib/structures/Member\");","Eris.Message = require(\"./lib/structures/Message\");","Eris.Permission = require(\"./lib/structures/Permission\");","Eris.PermissionOverwrite = require(\"./lib/structures/PermissionOverwrite\");","Eris.PrivateChannel = require(\"./lib/structures/PrivateChannel\");","Eris.Relationship = require(\"./lib/structures/Relationship\");","Eris.Role = require(\"./lib/structures/Role\");","Eris.Shard = require(\"./lib/gateway/Shard\");","Eris.SharedStream = require(\"./lib/voice/SharedStream\");","Eris.User = require(\"./lib/structures/User\");","Eris.VoiceConnection = require(\"./lib/voice/VoiceConnection\");","Eris.VoiceConnectionManager = require(\"./lib/voice/VoiceConnectionManager\");","Eris.VoiceState = require(\"./lib/structures/VoiceState\");","","module.exports = Eris;",""],"l":{"3":1,"5":1,"6":0,"9":1,"10":1,"11":1,"12":1,"13":1,"14":1,"15":1,"16":1,"17":1,"18":1,"19":1,"20":1,"21":1,"22":1,"23":1,"24":1,"25":1,"26":1,"27":1,"28":1,"29":1,"30":1,"31":1,"32":1,"33":1,"34":1,"35":1,"37":1}},"/home/travis/build/npmtest/node-npmtest-eris/node_modules/eris/lib/Client.js":{"path":"/home/travis/build/npmtest/node-npmtest-eris/node_modules/eris/lib/Client.js","s":{"1":1,"2":1,"3":1,"4":1,"5":1,"6":1,"7":1,"8":1,"9":1,"10":1,"11":1,"12":1,"13":1,"14":1,"15":1,"16":1,"17":1,"18":1,"19":1,"20":1,"21":1,"22":1,"23":1,"24":1,"25":1,"26":1,"27":0,"28":0,"29":0,"30":0,"31":0,"32":0,"33":0,"34":0,"35":0,"36":0,"37":0,"38":0,"39":0,"40":0,"41":0,"42":0,"43":0,"44":0,"45":0,"46":0,"47":0,"48":0,"49":0,"50":0,"51":0,"52":0,"53":0,"54":0,"55":0,"56":0,"57":0,"58":0,"59":0,"60":0,"61":0,"62":0,"63":0,"64":0,"65":0,"66":0,"67":0,"68":0,"69":0,"70":0,"71":0,"72":0,"73":0,"74":0,"75":0,"76":0,"77":0,"78":0,"79":0,"80":0,"81":0,"82":0,"83":0,"84":0,"85":0,"86":0,"87":0,"88":0,"89":0,"90":0,"91":0,"92":0,"93":0,"94":0,"95":0,"96":0,"97":0,"98":0,"99":0,"100":0,"101":0,"102":0,"103":0,"104":0,"105":0,"106":0,"107":0,"108":0,"109":0,"110":0,"111":0,"112":0,"113":0,"114":0,"115":0,"116":0,"117":0,"118":0,"119":0,"120":0,"121":0,"122":0,"123":0,"124":0,"125":0,"126":0,"127":0,"128":0,"129":0,"130":0,"131":0,"132":0,"133":0,"134":0,"135":0,"136":0,"137":0,"138":0,"139":0,"140":0,"141":0,"142":0,"143":0,"144":0,"145":0,"146":0,"147":0,"148":0,"149":0,"150":0,"151":0,"152":0,"153":0,"154":0,"155":0,"156":0,"157":0,"158":0,"159":0,"160":0,"161":0,"162":0,"163":0,"164":0,"165":0,"166":0,"167":0,"168":0,"169":0,"170":0,"171":0,"172":0,"173":0,"174":0,"175":0,"176":0,"177":0,"178":0,"179":0,"180":0,"181":0,"182":0,"183":0,"184":0,"185":0,"186":0,"187":0,"188":0,"189":0,"190":0,"191":0,"192":0,"193":0,"194":0,"195":0,"196":0,"197":0,"198":0,"199":0,"200":0,"201":0,"202":0,"203":0,"204":0,"205":0,"206":0,"207":0,"208":0,"209":0,"210":0,"211":0,"212":0,"213":0,"214":0,"215":0,"216":0,"217":0,"218":0,"219":0,"220":0,"221":0,"222":0,"223":0,"224":0,"225":0,"226":0,"227":0,"228":0,"229":0,"230":0,"231":0,"232":0,"233":0,"234":0,"235":0,"236":0,"237":0,"238":0,"239":0,"240":0,"241":0,"242":0,"243":0,"244":0,"245":0,"246":0,"247":0,"248":0,"249":0,"250":0,"251":0,"252":0,"253":0,"254":0,"255":0,"256":0,"257":0,"258":0,"259":0,"260":0,"261":0,"262":0,"263":0,"264":0,"265":0,"266":0,"267":0,"268":0,"269":0,"270":0,"271":0,"272":0,"273":0,"274":0,"275":0,"276":0,"277":0,"278":0,"279":0,"280":0,"281":0,"282":0,"283":0,"284":0,"285":0,"286":0,"287":0,"288":0,"289":0,"290":0,"291":0,"292":0,"293":0,"294":0,"295":0,"296":0,"297":0,"298":0,"299":0,"300":0,"301":0,"302":0,"303":0,"304":0,"305":0,"306":0,"307":0,"308":0,"309":0,"310":0,"311":0,"312":0,"313":0,"314":0,"315":0,"316":0,"317":0,"318":0,"319":0,"320":0,"321":0,"322":0,"323":0,"324":0,"325":0,"326":0,"327":0,"328":0,"329":0,"330":0,"331":0,"332":0,"333":0,"334":0,"335":0,"336":0,"337":0,"338":0,"339":0,"340":0,"341":0,"342":0,"343":0,"344":0,"345":0,"346":0,"347":0,"348":0,"349":0,"350":0,"351":0,"352":0,"353":0,"354":0,"355":0,"356":0,"357":0,"358":0,"359":0,"360":0,"361":0,"362":0,"363":0,"364":0,"365":0,"366":0,"367":0,"368":0,"369":0,"370":0,"371":0,"372":0,"373":0,"374":0,"375":0,"376":0,"377":0,"378":0,"379":0,"380":0,"381":0,"382":0,"383":0,"384":0,"385":0,"386":0,"387":0,"388":0,"389":0,"390":0,"391":0,"392":0,"393":0,"394":0,"395":0,"396":0,"397":0,"398":0,"399":0,"400":0,"401":0,"402":0,"403":0,"404":0,"405":0,"406":0,"407":0,"408":0,"409":0,"410":0,"411":0,"412":0,"413":0,"414":0,"415":0,"416":0,"417":0,"418":0,"419":0,"420":0,"421":0,"422":0,"423":0,"424":0,"425":0,"426":0,"427":0,"428":0,"429":0,"430":1},"b":{"1":[0,0],"2":[0,0],"3":[0,0],"4":[0,0],"5":[0,0],"6":[0,0],"7":[0,0],"8":[0,0],"9":[0,0],"10":[0,0],"11":[0,0],"12":[0,0],"13":[0,0],"14":[0,0],"15":[0,0],"16":[0,0],"17":[0,0],"18":[0,0],"19":[0,0],"20":[0,0],"21":[0,0],"22":[0,0],"23":[0,0],"24":[0,0],"25":[0,0],"26":[0,0],"27":[0,0],"28":[0,0],"29":[0,0],"30":[0,0],"31":[0,0],"32":[0,0],"33":[0,0],"34":[0,0],"35":[0,0],"36":[0,0],"37":[0,0,0,0],"38":[0,0],"39":[0,0],"40":[0,0],"41":[0,0],"42":[0,0],"43":[0,0,0],"44":[0,0],"45":[0,0],"46":[0,0],"47":[0,0],"48":[0,0],"49":[0,0],"50":[0,0],"51":[0,0],"52":[0,0],"53":[0,0,0],"54":[0,0],"55":[0,0],"56":[0,0],"57":[0,0],"58":[0,0],"59":[0,0],"60":[0,0],"61":[0,0],"62":[0,0],"63":[0,0],"64":[0,0],"65":[0,0],"66":[0,0],"67":[0,0,0],"68":[0,0],"69":[0,0],"70":[0,0],"71":[0,0],"72":[0,0],"73":[0,0],"74":[0,0],"75":[0,0],"76":[0,0],"77":[0,0,0],"78":[0,0],"79":[0,0],"80":[0,0],"81":[0,0],"82":[0,0],"83":[0,0],"84":[0,0],"85":[0,0],"86":[0,0],"87":[0,0],"88":[0,0],"89":[0,0],"90":[0,0],"91":[0,0],"92":[0,0],"93":[0,0],"94":[0,0],"95":[0,0],"96":[0,0],"97":[0,0],"98":[0,0],"99":[0,0],"100":[0,0],"101":[0,0,0,0],"102":[0,0],"103":[0,0],"104":[0,0],"105":[0,0],"106":[0,0],"107":[0,0],"108":[0,0],"109":[0,0],"110":[0,0],"111":[0,0],"112":[0,0,0],"113":[0,0],"114":[0,0],"115":[0,0,0],"116":[0,0],"117":[0,0],"118":[0,0],"119":[0,0],"120":[0,0],"121":[0,0],"122":[0,0],"123":[0,0],"124":[0,0],"125":[0,0],"126":[0,0],"127":[0,0],"128":[0,0],"129":[0,0],"130":[0,0],"131":[0,0],"132":[0,0],"133":[0,0]},"f":{"1":0,"2":0,"3":0,"4":0,"5":0,"6":0,"7":0,"8":0,"9":0,"10":0,"11":0,"12":0,"13":0,"14":0,"15":0,"16":0,"17":0,"18":0,"19":0,"20":0,"21":0,"22":0,"23":0,"24":0,"25":0,"26":0,"27":0,"28":0,"29":0,"30":0,"31":0,"32":0,"33":0,"34":0,"35":0,"36":0,"37":0,"38":0,"39":0,"40":0,"41":0,"42":0,"43":0,"44":0,"45":0,"46":0,"47":0,"48":0,"49":0,"50":0,"51":0,"52":0,"53":0,"54":0,"55":0,"56":0,"57":0,"58":0,"59":0,"60":0,"61":0,"62":0,"63":0,"64":0,"65":0,"66":0,"67":0,"68":0,"69":0,"70":0,"71":0,"72":0,"73":0,"74":0,"75":0,"76":0,"77":0,"78":0,"79":0,"80":0,"81":0,"82":0,"83":0,"84":0,"85":0,"86":0,"87":0,"88":0,"89":0,"90":0,"91":0,"92":0,"93":0,"94":0,"95":0,"96":0,"97":0},"fnMap":{"1":{"name":"(anonymous_1)","line":85,"loc":{"start":{"line":85,"column":15},"end":{"line":85,"column":32}}},"2":{"name":"(anonymous_2)","line":160,"loc":{"start":{"line":160,"column":14},"end":{"line":160,"column":17}}},"3":{"name":"(anonymous_3)","line":168,"loc":{"start":{"line":168,"column":11},"end":{"line":168,"column":14}}},"4":{"name":"(anonymous_4)","line":193,"loc":{"start":{"line":193,"column":14},"end":{"line":193,"column":17}}},"5":{"name":"(anonymous_5)","line":201,"loc":{"start":{"line":201,"column":17},"end":{"line":201,"column":20}}},"6":{"name":"(anonymous_6)","line":213,"loc":{"start":{"line":213,"column":14},"end":{"line":213,"column":24}}},"7":{"name":"(anonymous_7)","line":229,"loc":{"start":{"line":229,"column":20},"end":{"line":229,"column":41}}},"8":{"name":"(anonymous_8)","line":254,"loc":{"start":{"line":254,"column":21},"end":{"line":254,"column":33}}},"9":{"name":"(anonymous_9)","line":276,"loc":{"start":{"line":276,"column":14},"end":{"line":276,"column":29}}},"10":{"name":"(anonymous_10)","line":298,"loc":{"start":{"line":298,"column":14},"end":{"line":298,"column":26}}},"11":{"name":"(anonymous_11)","line":309,"loc":{"start":{"line":309,"column":17},"end":{"line":309,"column":39}}},"12":{"name":"(anonymous_12)","line":332,"loc":{"start":{"line":332,"column":15},"end":{"line":332,"column":36}}},"13":{"name":"(anonymous_13)","line":360,"loc":{"start":{"line":360,"column":23},"end":{"line":360,"column":45}}},"14":{"name":"(anonymous_14)","line":388,"loc":{"start":{"line":388,"column":17},"end":{"line":388,"column":29}}},"15":{"name":"(anonymous_15)","line":397,"loc":{"start":{"line":397,"column":21},"end":{"line":397,"column":33}}},"16":{"name":"(anonymous_16)","line":410,"loc":{"start":{"line":410,"column":25},"end":{"line":410,"column":69}}},"17":{"name":"(anonymous_17)","line":424,"loc":{"start":{"line":424,"column":27},"end":{"line":424,"column":52}}},"18":{"name":"(anonymous_18)","line":433,"loc":{"start":{"line":433,"column":21},"end":{"line":433,"column":33}}},"19":{"name":"(anonymous_19)","line":447,"loc":{"start":{"line":447,"column":23},"end":{"line":447,"column":44}}},"20":{"name":"(anonymous_20)","line":462,"loc":{"start":{"line":462,"column":22},"end":{"line":462,"column":34}}},"21":{"name":"(anonymous_21)","line":472,"loc":{"start":{"line":472,"column":14},"end":{"line":472,"column":33}}},"22":{"name":"(anonymous_22)","line":484,"loc":{"start":{"line":484,"column":24},"end":{"line":484,"column":45}}},"23":{"name":"(anonymous_23)","line":497,"loc":{"start":{"line":497,"column":15},"end":{"line":497,"column":43}}},"24":{"name":"(anonymous_24)","line":518,"loc":{"start":{"line":518,"column":18},"end":{"line":518,"column":46}}},"25":{"name":"(anonymous_25)","line":542,"loc":{"start":{"line":542,"column":23},"end":{"line":542,"column":51}}},"26":{"name":"(anonymous_26)","line":554,"loc":{"start":{"line":554,"column":17},"end":{"line":554,"column":36}}},"27":{"name":"(anonymous_27)","line":563,"loc":{"start":{"line":563,"column":20},"end":{"line":563,"column":30}}},"28":{"name":"(anonymous_28)","line":576,"loc":{"start":{"line":576,"column":20},"end":{"line":576,"column":39}}},"29":{"name":"(anonymous_29)","line":588,"loc":{"start":{"line":588,"column":18},"end":{"line":588,"column":46}}},"30":{"name":"(anonymous_30)","line":597,"loc":{"start":{"line":597,"column":20},"end":{"line":597,"column":39}}},"31":{"name":"(anonymous_31)","line":611,"loc":{"start":{"line":611,"column":14},"end":{"line":611,"column":33}}},"32":{"name":"(anonymous_32)","line":627,"loc":{"start":{"line":627,"column":12},"end":{"line":627,"column":39}}},"33":{"name":"(anonymous_33)","line":638,"loc":{"start":{"line":638,"column":20},"end":{"line":638,"column":48}}},"34":{"name":"(anonymous_34)","line":670,"loc":{"start":{"line":670,"column":14},"end":{"line":670,"column":32}}},"35":{"name":"(anonymous_35)","line":680,"loc":{"start":{"line":680,"column":17},"end":{"line":680,"column":33}}},"36":{"name":"(anonymous_36)","line":692,"loc":{"start":{"line":692,"column":16},"end":{"line":692,"column":32}}},"37":{"name":"(anonymous_37)","line":703,"loc":{"start":{"line":703,"column":19},"end":{"line":703,"column":29}}},"38":{"name":"(anonymous_38)","line":712,"loc":{"start":{"line":712,"column":13},"end":{"line":712,"column":24}}},"39":{"name":"(anonymous_39)","line":728,"loc":{"start":{"line":728,"column":16},"end":{"line":728,"column":27}}},"40":{"name":"(anonymous_40)","line":737,"loc":{"start":{"line":737,"column":16},"end":{"line":737,"column":27}}},"41":{"name":"(anonymous_41)","line":745,"loc":{"start":{"line":745,"column":11},"end":{"line":745,"column":14}}},"42":{"name":"(anonymous_42)","line":756,"loc":{"start":{"line":756,"column":12},"end":{"line":756,"column":22}}},"43":{"name":"(anonymous_43)","line":765,"loc":{"start":{"line":765,"column":16},"end":{"line":765,"column":25}}},"44":{"name":"(anonymous_44)","line":780,"loc":{"start":{"line":780,"column":22},"end":{"line":780,"column":32}}},"45":{"name":"(anonymous_45)","line":793,"loc":{"start":{"line":793,"column":14},"end":{"line":793,"column":37}}},"46":{"name":"(anonymous_46)","line":806,"loc":{"start":{"line":806,"column":15},"end":{"line":806,"column":57}}},"47":{"name":"(anonymous_47)","line":851,"loc":{"start":{"line":851,"column":11},"end":{"line":851,"column":23}}},"48":{"name":"(anonymous_48)","line":869,"loc":{"start":{"line":869,"column":17},"end":{"line":869,"column":44}}},"49":{"name":"(anonymous_49)","line":900,"loc":{"start":{"line":900,"column":15},"end":{"line":900,"column":47}}},"50":{"name":"(anonymous_50)","line":927,"loc":{"start":{"line":927,"column":14},"end":{"line":927,"column":37}}},"51":{"name":"(anonymous_51)","line":937,"loc":{"start":{"line":937,"column":16},"end":{"line":937,"column":39}}},"52":{"name":"(anonymous_52)","line":949,"loc":{"start":{"line":949,"column":22},"end":{"line":949,"column":62}}},"53":{"name":"(anonymous_53)","line":966,"loc":{"start":{"line":966,"column":22},"end":{"line":966,"column":63}}},"54":{"name":"(anonymous_54)","line":981,"loc":{"start":{"line":981,"column":25},"end":{"line":981,"column":66}}},"55":{"name":"(anonymous_55)","line":994,"loc":{"start":{"line":994,"column":26},"end":{"line":994,"column":49}}},"56":{"name":"(anonymous_56)","line":1004,"loc":{"start":{"line":1004,"column":17},"end":{"line":1004,"column":40}}},"57":{"name":"(anonymous_57)","line":1014,"loc":{"start":{"line":1014,"column":18},"end":{"line":1014,"column":42}}},"58":{"name":"(anonymous_58)","line":1047,"loc":{"start":{"line":1047,"column":16},"end":{"line":1047,"column":58}}},"59":{"name":"(anonymous_59)","line":1111,"loc":{"start":{"line":1111,"column":17},"end":{"line":1111,"column":27}}},"60":{"name":"(anonymous_60)","line":1120,"loc":{"start":{"line":1120,"column":24},"end":{"line":1120,"column":34}}},"61":{"name":"(anonymous_61)","line":1135,"loc":{"start":{"line":1135,"column":24},"end":{"line":1135,"column":58}}},"62":{"name":"(anonymous_62)","line":1149,"loc":{"start":{"line":1149,"column":26},"end":{"line":1149,"column":51}}},"63":{"name":"(anonymous_63)","line":1159,"loc":{"start":{"line":1159,"column":24},"end":{"line":1159,"column":49}}},"64":{"name":"(anonymous_64)","line":1168,"loc":{"start":{"line":1168,"column":19},"end":{"line":1168,"column":29}}},"65":{"name":"(anonymous_65)","line":1179,"loc":{"start":{"line":1179,"column":18},"end":{"line":1179,"column":55}}},"66":{"name":"(anonymous_66)","line":1194,"loc":{"start":{"line":1194,"column":20},"end":{"line":1194,"column":38}}},"67":{"name":"(anonymous_67)","line":1205,"loc":{"start":{"line":1205,"column":15},"end":{"line":1205,"column":36}}},"68":{"name":"(anonymous_68)","line":1229,"loc":{"start":{"line":1229,"column":13},"end":{"line":1229,"column":32}}},"69":{"name":"(anonymous_69)","line":1248,"loc":{"start":{"line":1248,"column":16},"end":{"line":1248,"column":26}}},"70":{"name":"(anonymous_70)","line":1264,"loc":{"start":{"line":1264,"column":19},"end":{"line":1264,"column":48}}},"71":{"name":"(anonymous_71)","line":1281,"loc":{"start":{"line":1281,"column":22},"end":{"line":1281,"column":50}}},"72":{"name":"(anonymous_72)","line":1292,"loc":{"start":{"line":1292,"column":25},"end":{"line":1292,"column":53}}},"73":{"name":"(anonymous_73)","line":1302,"loc":{"start":{"line":1302,"column":16},"end":{"line":1302,"column":32}}},"74":{"name":"(anonymous_74)","line":1314,"loc":{"start":{"line":1314,"column":19},"end":{"line":1314,"column":37}}},"75":{"name":"(anonymous_75)","line":1323,"loc":{"start":{"line":1323,"column":15},"end":{"line":1323,"column":25}}},"76":{"name":"(anonymous_76)","line":1332,"loc":{"start":{"line":1332,"column":14},"end":{"line":1332,"column":24}}},"77":{"name":"(anonymous_77)","line":1341,"loc":{"start":{"line":1341,"column":23},"end":{"line":1341,"column":31}}},"78":{"name":"(anonymous_78)","line":1349,"loc":{"start":{"line":1349,"column":19},"end":{"line":1349,"column":22}}},"79":{"name":"(anonymous_79)","line":1359,"loc":{"start":{"line":1359,"column":19},"end":{"line":1359,"column":35}}},"80":{"name":"(anonymous_80)","line":1370,"loc":{"start":{"line":1370,"column":22},"end":{"line":1370,"column":31}}},"81":{"name":"(anonymous_81)","line":1380,"loc":{"start":{"line":1380,"column":21},"end":{"line":1380,"column":39}}},"82":{"name":"(anonymous_82)","line":1390,"loc":{"start":{"line":1390,"column":24},"end":{"line":1390,"column":42}}},"83":{"name":"(anonymous_83)","line":1399,"loc":{"start":{"line":1399,"column":18},"end":{"line":1399,"column":27}}},"84":{"name":"(anonymous_84)","line":1408,"loc":{"start":{"line":1408,"column":16},"end":{"line":1408,"column":31}}},"85":{"name":"(anonymous_85)","line":1418,"loc":{"start":{"line":1418,"column":18},"end":{"line":1418,"column":27}}},"86":{"name":"(anonymous_86)","line":1427,"loc":{"start":{"line":1427,"column":18},"end":{"line":1427,"column":30}}},"87":{"name":"(anonymous_87)","line":1449,"loc":{"start":{"line":1449,"column":16},"end":{"line":1449,"column":26}}},"88":{"name":"(anonymous_88)","line":1463,"loc":{"start":{"line":1463,"column":17},"end":{"line":1463,"column":40}}},"89":{"name":"(anonymous_89)","line":1479,"loc":{"start":{"line":1479,"column":24},"end":{"line":1479,"column":34}}},"90":{"name":"(anonymous_90)","line":1491,"loc":{"start":{"line":1491,"column":22},"end":{"line":1491,"column":32}}},"91":{"name":"(anonymous_91)","line":1504,"loc":{"start":{"line":1504,"column":21},"end":{"line":1504,"column":40}}},"92":{"name":"(anonymous_92)","line":1518,"loc":{"start":{"line":1518,"column":23},"end":{"line":1518,"column":47}}},"93":{"name":"(anonymous_93)","line":1534,"loc":{"start":{"line":1534,"column":22},"end":{"line":1534,"column":42}}},"94":{"name":"(anonymous_94)","line":1546,"loc":{"start":{"line":1546,"column":21},"end":{"line":1546,"column":31}}},"95":{"name":"(anonymous_95)","line":1558,"loc":{"start":{"line":1558,"column":15},"end":{"line":1558,"column":24}}},"96":{"name":"(anonymous_96)","line":1597,"loc":{"start":{"line":1597,"column":25},"end":{"line":1597,"column":44}}},"97":{"name":"(anonymous_97)","line":1652,"loc":{"start":{"line":1652,"column":23},"end":{"line":1652,"column":40}}}},"statementMap":{"1":{"start":{"line":3,"column":0},"end":{"line":3,"column":58}},"2":{"start":{"line":4,"column":0},"end":{"line":4,"column":48}},"3":{"start":{"line":5,"column":0},"end":{"line":5,"column":41}},"4":{"start":{"line":6,"column":0},"end":{"line":6,"column":46}},"5":{"start":{"line":7,"column":0},"end":{"line":7,"column":58}},"6":{"start":{"line":8,"column":0},"end":{"line":8,"column":58}},"7":{"start":{"line":9,"column":0},"end":{"line":9,"column":44}},"8":{"start":{"line":10,"column":0},"end":{"line":10,"column":66}},"9":{"start":{"line":11,"column":0},"end":{"line":11,"column":46}},"10":{"start":{"line":12,"column":0},"end":{"line":12,"column":46}},"11":{"start":{"line":13,"column":0},"end":{"line":13,"column":48}},"12":{"start":{"line":14,"column":0},"end":{"line":14,"column":62}},"13":{"start":{"line":15,"column":0},"end":{"line":15,"column":58}},"14":{"start":{"line":16,"column":0},"end":{"line":16,"column":56}},"15":{"start":{"line":17,"column":0},"end":{"line":17,"column":42}},"16":{"start":{"line":18,"column":0},"end":{"line":18,"column":55}},"17":{"start":{"line":19,"column":0},"end":{"line":19,"column":66}},"18":{"start":{"line":20,"column":0},"end":{"line":20,"column":42}},"19":{"start":{"line":21,"column":0},"end":{"line":21,"column":73}},"20":{"start":{"line":23,"column":0},"end":{"line":23,"column":17}},"21":{"start":{"line":24,"column":0},"end":{"line":28,"column":1}},"22":{"start":{"line":25,"column":4},"end":{"line":25,"column":44}},"23":{"start":{"line":27,"column":4},"end":{"line":27,"column":50}},"24":{"start":{"line":29,"column":0},"end":{"line":29,"column":12}},"25":{"start":{"line":30,"column":0},"end":{"line":33,"column":1}},"26":{"start":{"line":31,"column":4},"end":{"line":31,"column":33}},"27":{"start":{"line":86,"column":8},"end":{"line":86,"column":16}},"28":{"start":{"line":88,"column":8},"end":{"line":106,"column":10}},"29":{"start":{"line":107,"column":8},"end":{"line":111,"column":9}},"30":{"start":{"line":108,"column":12},"end":{"line":110,"column":13}},"31":{"start":{"line":109,"column":16},"end":{"line":109,"column":59}},"32":{"start":{"line":112,"column":8},"end":{"line":114,"column":9}},"33":{"start":{"line":113,"column":12},"end":{"line":113,"column":66}},"34":{"start":{"line":115,"column":8},"end":{"line":121,"column":9}},"35":{"start":{"line":116,"column":12},"end":{"line":120,"column":13}},"36":{"start":{"line":117,"column":16},"end":{"line":117,"column":32}},"37":{"start":{"line":119,"column":16},"end":{"line":119,"column":46}},"38":{"start":{"line":122,"column":8},"end":{"line":124,"column":9}},"39":{"start":{"line":123,"column":12},"end":{"line":123,"column":52}},"40":{"start":{"line":125,"column":8},"end":{"line":127,"column":9}},"41":{"start":{"line":126,"column":12},"end":{"line":126,"column":48}},"42":{"start":{"line":129,"column":8},"end":{"line":129,"column":27}},"43":{"start":{"line":131,"column":8},"end":{"line":131,"column":55}},"44":{"start":{"line":133,"column":8},"end":{"line":133,"column":27}},"45":{"start":{"line":134,"column":8},"end":{"line":134,"column":80}},"46":{"start":{"line":135,"column":8},"end":{"line":135,"column":27}},"47":{"start":{"line":136,"column":8},"end":{"line":136,"column":29}},"48":{"start":{"line":137,"column":8},"end":{"line":137,"column":31}},"49":{"start":{"line":138,"column":8},"end":{"line":138,"column":34}},"50":{"start":{"line":139,"column":8},"end":{"line":139,"column":45}},"51":{"start":{"line":140,"column":8},"end":{"line":140,"column":58}},"52":{"start":{"line":141,"column":8},"end":{"line":141,"column":44}},"53":{"start":{"line":142,"column":8},"end":{"line":142,"column":36}},"54":{"start":{"line":143,"column":8},"end":{"line":143,"column":62}},"55":{"start":{"line":144,"column":8},"end":{"line":144,"column":30}},"56":{"start":{"line":145,"column":8},"end":{"line":145,"column":32}},"57":{"start":{"line":146,"column":8},"end":{"line":146,"column":32}},"58":{"start":{"line":147,"column":8},"end":{"line":147,"column":66}},"59":{"start":{"line":148,"column":8},"end":{"line":148,"column":58}},"60":{"start":{"line":149,"column":8},"end":{"line":149,"column":42}},"61":{"start":{"line":150,"column":8},"end":{"line":153,"column":10}},"62":{"start":{"line":154,"column":8},"end":{"line":154,"column":36}},"63":{"start":{"line":155,"column":8},"end":{"line":155,"column":31}},"64":{"start":{"line":156,"column":8},"end":{"line":156,"column":24}},"65":{"start":{"line":157,"column":8},"end":{"line":157,"column":61}},"66":{"start":{"line":161,"column":8},"end":{"line":161,"column":64}},"67":{"start":{"line":169,"column":8},"end":{"line":186,"column":11}},"68":{"start":{"line":170,"column":12},"end":{"line":172,"column":13}},"69":{"start":{"line":171,"column":16},"end":{"line":171,"column":92}},"70":{"start":{"line":173,"column":12},"end":{"line":175,"column":13}},"71":{"start":{"line":174,"column":16},"end":{"line":174,"column":72}},"72":{"start":{"line":176,"column":12},"end":{"line":178,"column":13}},"73":{"start":{"line":177,"column":16},"end":{"line":177,"column":32}},"74":{"start":{"line":179,"column":12},"end":{"line":179,"column":119}},"75":{"start":{"line":180,"column":12},"end":{"line":182,"column":13}},"76":{"start":{"line":181,"column":16},"end":{"line":181,"column":37}},"77":{"start":{"line":184,"column":12},"end":{"line":184,"column":36}},"78":{"start":{"line":185,"column":12},"end":{"line":185,"column":51}},"79":{"start":{"line":185,"column":29},"end":{"line":185,"column":43}},"80":{"start":{"line":194,"column":8},"end":{"line":194,"column":69}},"81":{"start":{"line":202,"column":8},"end":{"line":204,"column":9}},"82":{"start":{"line":203,"column":12},"end":{"line":203,"column":45}},"83":{"start":{"line":205,"column":8},"end":{"line":205,"column":79}},"84":{"start":{"line":214,"column":8},"end":{"line":214,"column":27}},"85":{"start":{"line":215,"column":8},"end":{"line":217,"column":11}},"86":{"start":{"line":216,"column":12},"end":{"line":216,"column":38}},"87":{"start":{"line":218,"column":8},"end":{"line":218,"column":31}},"88":{"start":{"line":230,"column":8},"end":{"line":230,"column":49}},"89":{"start":{"line":231,"column":8},"end":{"line":233,"column":9}},"90":{"start":{"line":232,"column":12},"end":{"line":232,"column":66}},"91":{"start":{"line":234,"column":8},"end":{"line":236,"column":9}},"92":{"start":{"line":235,"column":12},"end":{"line":235,"column":100}},"93":{"start":{"line":237,"column":8},"end":{"line":242,"column":11}},"94":{"start":{"line":243,"column":8},"end":{"line":243,"column":32}},"95":{"start":{"line":244,"column":8},"end":{"line":246,"column":9}},"96":{"start":{"line":245,"column":12},"end":{"line":245,"column":53}},"97":{"start":{"line":247,"column":8},"end":{"line":247,"column":105}},"98":{"start":{"line":255,"column":8},"end":{"line":255,"column":49}},"99":{"start":{"line":256,"column":8},"end":{"line":258,"column":9}},"100":{"start":{"line":257,"column":12},"end":{"line":257,"column":19}},"101":{"start":{"line":259,"column":8},"end":{"line":264,"column":11}},"102":{"start":{"line":265,"column":8},"end":{"line":265,"column":79}},"103":{"start":{"line":277,"column":8},"end":{"line":279,"column":11}},"104":{"start":{"line":278,"column":12},"end":{"line":278,"column":43}},"105":{"start":{"line":281,"column":8},"end":{"line":284,"column":9}},"106":{"start":{"line":282,"column":12},"end":{"line":282,"column":26}},"107":{"start":{"line":283,"column":12},"end":{"line":283,"column":31}},"108":{"start":{"line":285,"column":8},"end":{"line":287,"column":9}},"109":{"start":{"line":286,"column":12},"end":{"line":286,"column":42}},"110":{"start":{"line":288,"column":8},"end":{"line":290,"column":9}},"111":{"start":{"line":289,"column":12},"end":{"line":289,"column":38}},"112":{"start":{"line":299,"column":8},"end":{"line":299,"column":197}},"113":{"start":{"line":310,"column":8},"end":{"line":310,"column":45}},"114":{"start":{"line":311,"column":8},"end":{"line":313,"column":9}},"115":{"start":{"line":312,"column":12},"end":{"line":312,"column":75}},"116":{"start":{"line":314,"column":8},"end":{"line":317,"column":63}},"117":{"start":{"line":317,"column":29},"end":{"line":317,"column":61}},"118":{"start":{"line":333,"column":8},"end":{"line":333,"column":49}},"119":{"start":{"line":334,"column":8},"end":{"line":336,"column":9}},"120":{"start":{"line":335,"column":12},"end":{"line":335,"column":79}},"121":{"start":{"line":338,"column":8},"end":{"line":351,"column":11}},"122":{"start":{"line":346,"column":12},"end":{"line":350,"column":13}},"123":{"start":{"line":347,"column":16},"end":{"line":347,"col
[...]
disconnect(new Error(\"Voice connection timeout\"));","            }","        }, this.shard.client ? this.shard.client.options.connectionTimeout : 30000);","    }","","    /**","    * Tells the voice connection to disconnect","    * @arg {Error} [err] The error, if any","    * @arg {Boolean} [reconnecting] Whether the voice connection is reconnecting or not","    */","    disconnect(error, reconnecting) {","        this.ready = false;","        this.speaking = false;","        this.timestamp = 0;","        this.sequence = 0;","","        this.stopPlaying();","","        if(reconnecting) {","            this.paused = true;","        } else {","            this.playing = false;","        }","        if(this.heartbeatInterval) {","            clearInterval(this.heartbeatInterval);","            this.heartbeatInterval = null;","        }","        if(this.udpSocket) {","            try {","                this.udpSocket.close();","            } catch(err) {","                if(err.message !== \"Not running\") {","                    this.emit(\"error\", err);","                }","            }","            this.udpSocket = null;","        }","        if(this.ws) {","            try {","                this.ws.close();","            } catch(err) {","                this.emit(\"error\", err);","            }","            this.ws = null;","        }","        if(reconnecting) {","            this.emit(\"error\", error);","        } else {","            this.channelID = null;","            this.updateVoiceState();","            /**","            * Fired when the voice connection disconnects","            * @event VoiceConnection#disconnect","            * @prop {Error?} err The error, if any","            */","            this.emit(\"disconnect\", error);","        }","    }","","    heartbeat() {","        this.sendWS(OPCodes.HEARTBEAT, Date.now());","    }","","    /**","    * Play an audio or video resource. If playing from a non-opus resource, FFMPEG should be compiled with --enable-libopus for best performance. If playing from HTTPS, FFMPEG must be compiled with --enable-openssl","    * @arg {ReadableStream | String} resource The audio or video resource, either a ReadableStream, URL, or file path","    * @arg {Object} [options] Music options","    * @arg {Boolean} [options.inlineVolume=false] Whether to enable on-the-fly volume changing. Note that enabling this leads to increased CPU usage","    * @arg {Number} [options.voiceDataTimeout=2000] Timeout when waiting for voice data (-1 for no timeout)","    * @arg {Array<String>} [options.inputArgs] Additional input parameters to pass to ffmpeg/avconv (before -i)","    * @arg {Array<String>} [options.encoderArgs] Additional encoder parameters to pass to ffmpeg/avconv (after -i)","    * @arg {String} [options.format] The format of the resource. If null, FFmpeg will attempt to guess and play the format. Available options: \"dca\", \"ogg\", \"pcm\", null","    * @arg {Number} [options.frameDuration=20] The resource opus frame duration (required for DCA/Ogg)","    * @arg {Number} [options.frameSize=2880] The resource opus frame size","    * @arg {Number} [options.sampleRate=48000] The resource audio sampling rate","    */","    play(source, options) {","        if(this.shared) {","            throw new Error(\"Cannot play stream on shared voice connection\");","        }","        if(!this.ready) {","            throw new Error(\"Not ready yet\");","        }","","        options = options || {};","        options.format = options.format || null;","        options.voiceDataTimeout = !isNaN(options.voiceDataTimeout) ? options.voiceDataTimeout : 2000;","        options.inlineVolume = !!options.inlineVolume;","        options.inputArgs = options.inputArgs || [];","        options.encoderArgs = options.encoderArgs || [];","","        options.samplingRate = options.samplingRate || this.samplingRate;","        options.frameDuration = options.frameDuration || this.frameDuration;","        options.frameSize = options.frameSize || options.samplingRate * options.frameDuration / 1000;","        options.pcmSize = options.pcmSize || options.frameSize * 2 * this.channels;","","        if(!this.piper.encode(source, options)) {","            this.emit(\"error\", new Error(\"Unable to encode source\"));","            return;","        }","","        this.ended = false;","        this.current = {","            startTime: 0, // later","            playTime: 0,","            pausedTimestamp: 0,","            pausedTime: 0,","            bufferingTicks: 0,","            options: options,","            timeout: null,","            buffer: null","        };","","        this.playing = true;","","        /**","        * Fired when the voice connection starts playing a stream","        * @event SharedStream#start","        */","        this.emit(\"start\");","","        this._send();","    }","","    _send() {","        if(!this.piper.encoding && this.piper.dataPacketCount === 0) {","            return this.stopPlaying();","        }","","        this.timestamp += this.current.options.frameSize;","        if(this.timestamp >= 4294967295) {","            this.timestamp -= 4294967295;","        }","","        if(++this.sequence >= 65536) {","            this.sequence -= 65536;","        }","","        if((this.current.buffer = this.piper.getDataPacket())) {","            if(this.current.startTime === 0) {","                this.current.startTime = Date.now();","            }","            if(this.current.bufferingTicks > 0) {","                this.current.bufferingTicks = 0;","                this.setSpeaking(true);","            }","        } else if(this.current.options.voiceDataTimeout === -1 || this.current.bufferingTicks < this.current.options.voiceDataTimeout / this.current.options.frameDuration) { // wait for data","            if(++this.current.bufferingTicks <= 0) {","                this.setSpeaking(false);","            }","            this.current.pausedTime += 4 * this.current.options.frameDuration;","            this.timestamp += 3 * this.current.options.frameSize;","            if(this.timestamp >= 4294967295) {","                this.timestamp -= 4294967295;","            }","            this.current.timeout = setTimeout(this._send, 4 * this.current.options.frameDuration);","            return;","        } else {","            return this.stopPlaying();","        }","","        this._sendPacket(this._createPacket(this.current.buffer));","        this.current.playTime += this.current.options.frameDuration;","        this.current.timeout = setTimeout(this._send, this.current.startTime + this.current.pausedTime + this.current.playTime - Date.now());","    }","","    /**","    * Stop the bot from sending audio","    */","    stopPlaying() {","        if(this.ended) {","            return;","        }","        this.ended = true;","        if(this.current && this.current.timeout) {","            clearTimeout(this.current.timeout);","            this.current.timeout = null;","        }","        this.current = null;","        this.piper.stop();","        this.piper.resetPackets();","","        if(this.secret) {","            for(var i = 0; i < 5; i++) {","                this.timestamp += this.frameSize;","                if(this.timestamp >= 4294967295) {","                    this.timestamp -= 4294967295;","                }","","                if(++this.sequence >= 65536) {","                    this.sequence -= 65536;","                }","","                this._sendPacket(this._createPacket(new Buffer([0xF8, 0xFF, 0xFE])));","            }","        }","        this.setSpeaking(this.playing = false);","","        /**","        * Fired when the voice connection finishes playing a stream","        * @event VoiceConnection#end","        */","        this.emit(\"end\");","    }","","    _createPacket(_buffer) {","        this.packetBuffer.writeUIntBE(this.sequence, 2, 2);","        this.packetBuffer.writeUIntBE(this.timestamp, 4, 4);","","        this.packetBuffer.copy(this.nonce, 0, 0, 12);","","        var len = _buffer.length;","        if(!NaCl) {","            Sodium.crypto_secretbox_easy(this.packetBuffer.slice(12), _buffer, this.nonce, this.secret);","            len += Sodium.crypto_secretbox_MACBYTES;","        } else {","            var buffer = NaCl.secretbox(_buffer, this.nonce, this.secret);","            len += NaCl.lowlevel.crypto_secretbox_BOXZEROBYTES;","            this.packetBuffer.fill(0, 12, 12 + len);","            for (var i = 0; i < len; ++i) {","                this.packetBuffer[12 + i] = buffer[i];","            }","        }","","        return this.packetBuffer.slice(0, 12 + len);","    }","","    _sendPacket(packet) {","        try {","            this.udpSocket.send(packet, 0, packet.length, this.udpPort, this.udpIP);","        } catch(e) {","            if(this.udpSocket) {","                this.emit(\"error\", e);","            }","        }","    }","","    /**","    * Generate a receive stream for the voice connection.","    * @arg {String} [type=\"pcm\"] The desired vocie data type, either \"opus\" or \"pcm\"","    * @returns {VoiceDataStream}","    */","    receive(type) {","        if(type === \"pcm\") {","            if(!this.receiveStreamPCM) {","                this.receiveStreamPCM = new VoiceDataStream(type);","                if(!this.receiveStreamOpus) {","                    this.registerReceiveEventHandler();","                }","            }","        } else if(type === \"opus\") {","            if(!this.receiveStreamOpus) {","                this.receiveStreamOpus = new VoiceDataStream(type);","                if(!this.receiveStreamPCM) {","                    this.registerReceiveEventHandler();","                }","            }","        } else {","            throw new Error(`Unsupported voice data type: ${type}`);","        }","        return type === \"pcm\" ? this.receiveStreamPCM : this.receiveStreamOpus;","    }","","    registerReceiveEventHandler() {","        this.udpSocket.on(\"message\", (msg) => {","            var nonce = new Buffer(24);","            nonce.fill(0);","            msg.copy(nonce, 0, 0, 12);","            var data;","            if(!NaCl) {","                data = new Buffer(msg.length - 12 - Sodium.crypto_secretbox_MACBYTES);","                Sodium.crypto_secretbox_open_easy(data, msg.slice(12), this.nonce, this.secret);","            } else {","                if(!(data = NaCl.secretbox_open(msg.slice(12), nonce, this.secret))) {","                    /**","                    * Fired to warn of something weird but non-breaking happening","                    * @event VoiceConnection#warn","                    * @prop {String} message The warning message","                    */","                    this.emit(\"warn\", \"Failed to decrypt received packet\");","                    return;","                }","            }","            if(this.receiveStreamOpus) {","                /**","                * Fired when a voice data packet is received","                * @event VoiceDataStream#data","                * @prop {Buffer} data The voice data","                * @prop {String} userID The user who sent the voice packet","                * @prop {Number} timestamp The intended timestamp of the packet","                * @prop {Number} sequence The intended sequence number of the packet","                */","                this.receiveStreamOpus.emit(\"data\", data, this.ssrcUserMap[nonce.readUIntBE(8, 4)], nonce.readUIntBE(4, 4), nonce.readUIntBE(2, 2));","            }","            if(this.receiveStreamPCM) {","                data = this.opus.decode(data, this.frameSize);","                if(!data) {","                    return this.emit(\"warn\", \"Failed to decode received packet\");","                }","                this.receiveStreamPCM.emit(\"data\", data, this.ssrcUserMap[nonce.readUIntBE(8, 4)], nonce.readUIntBE(4, 4), nonce.readUIntBE(2, 2));","            }","        });","    }","","    pickCommand() {","        var tenative;","        for(var command of [\"./ffmpeg\", \"./avconv\", \"ffmpeg\", \"avconv\"]) {","            var res = ChildProcess.spawnSync(command, [\"-encoders\"]);","            if(!res.error) {","                if(!res.stdout.toString().includes(\"libopus\")) {","                    tenative = command;","                    continue;","                }","                this.converterCommand = command;","                return;","            }","        }","        if(tenative) {","            return (this.converterCommand = tenative) + \" does not have libopus support. Non-opus playback may be laggy\";","        }","        throw new Error(\"Neither ffmpeg nor avconv was found. Make sure you installed either one, and check that it is in your PATH\");","    }","","    setSpeaking(value) {","        if((value = !!value) != this.speaking) {","            this.speaking = value;","            this.sendWS(OPCodes.SPEAKING, {","                speaking: value,","                delay: 0","            });","        }","    }","","    /**","    * Switch the voice channel the bot is in. The channel to switch to must be in the same guild as the current voice channel","    * @arg {String} channelID The ID of the voice channel","    */","    switchChannel(channelID, reactive) {","        if(this.channelID === channelID) {","            return;","        }","","        this.channelID = channelID;","        if(!reactive) {","            this.updateVoiceState();","        }","    }","","    /**","    * Update the bot's voice state","    * @arg {Boolean} selfMute Whether the bot muted itself or not (audio sending is unaffected)","    * @arg {Boolean} selfDeaf Whether the bot deafened itself or not (audio receiving is unaffected)","    */","    updateVoiceState(selfMute, selfDeaf) {","        if(this.shard.sendWS) {","            this.shard.sendWS(Constants.GatewayOPCodes.VOICE_STATE_UPDATE, {","                guild_id: this.id === \"call\" ? null : this.id,","                channel_id: this.channelID || null,","                self_mute: !!selfMute,","                self_deaf: !!selfDeaf","            });","        }","    }","","    sendWS(op, data) {","        if(this.ws && this.ws.readyState === WebSocket.OPEN) {","            data = JSON.stringify({op: op, d: data});","            this.ws.send(data);","            this.emit(\"debug\", data);","        }","    }","","    get volume() {","        return this.piper.volumeLevel;","    }","","    /**","    * Modify the output volume of the current stream (if inlineVolume is enabled for the current stream)","    * @arg {Number} [volume=1.0] The desired volume. 0.0 is 0%, 1.0 is 100%, 2.0 is 200%, etc. It is not recommended to go above 2.0","    */","    setVolume(volume) {","        this.piper.setVolume(volume);","    }","","    /**","    * Pause sending audio (if playing)","    */","    pause() {","        this.paused = true;","        if(this.current) {","            if(!this.current.pausedTimestamp) {","                this.current.pausedTimestamp = Date.now();","            }","            if(this.current.timeout) {","                clearTimeout(this.current.timeout);","                this.current.timeout = null;","            }","        }","    }","","    /**","    * Resume sending audio (if paused)","    */","    resume() {","        this.paused = false;","        if(this.current) {","            if(this.current.pausedTimestamp) {","                this.current.pausedTime += Date.now() - this.current.pausedTimestamp;","                this.current.pausedTimestamp = 0;","            }","            this._send();","        }","    }","}","","module.exports = VoiceConnection;",""],"l":{"3":1,"4":1,"5":1,"6":1,"7":1,"8":1,"9":1,"10":1,"12":1,"13":1,"14":1,"16":1,"18":1,"19":1,"20":1,"23":1,"24":1,"25":1,"28":1,"29":1,"30":1,"31":1,"33":1,"34":1,"38":1,"39":1,"43":1,"44":1,"65":0,"66":0,"68":0,"69":0,"72":0,"73":0,"76":0,"77":0,"78":0,"79":0,"80":0,"81":0,"82":0,"83":0,"84":0,"85":0,"87":0,"88":0,"89":0,"90":0,"91":0,"92":0,"93":0,"95":0,"99":0,"100":0,"101":0,"102":0,"103":0,"104":0,"105":0,"107":0,"108":0,"110":0,"111":0,"112":0,"113":0,"115":0,"116":0,"117":0,"123":0,"126":0,"127":0,"129":0,"130":0,"134":0,"138":0,"139":0,"140":0,"142":0,"143":0,"144":0,"146":0,"147":0,"152":0,"153":0,"154":0,"156":0,"157":0,"158":0,"160":0,"161":0,"162":0,"168":0,"169":0,"174":0,"175":0,"182":0,"183":0,"184":0,"185":0,"187":0,"188":0,"189":0,"191":0,"192":0,"194":0,"196":0,"197":0,"198":0,"199":0,"200":0,"202":0,"203":0,"204":0,"205":0,"206":0,"207":0,"210":0,"212":0,"214":0,"215":0,"216":0,"217":0,"218":0,"219":0,"220":0,"222":0,"224":0,"233":0,"234":0,"235":0,"236":0,"238":0,"239":0,"242":0,"243":0,"244":0,"246":0,"247":0,"250":0,"251":0,"252":0,"253":0,"255":0,"258":0,"259":0,"260":0,"261":0,"263":0,"268":0,"269":0,"270":0,"271":0,"272":0,"280":0,"281":0,"284":0,"295":0,"296":0,"299":0,"300":0,"304":0,"305":0,"306":0,"307":0,"310":0,"311":0,"312":0,"323":0,"324":0,"325":0,"326":0,"328":0,"330":0,"331":0,"333":0,"335":0,"336":0,"337":0,"339":0,"340":0,"341":0,"343":0,"344":0,"347":0,"349":0,"350":0,"351":0,"353":0,"355":0,"357":0,"358":0,"360":0,"361":0,"367":0,"372":0,"389":0,"390":0,"392":0,"393":0,"396":0,"397":0,"398":0,"399":0,"400":0,"401":0,"403":0,"404":0,"405":0,"406":0,"408":0,"409":0,"410":0,"413":0,"414":0,"425":0,"431":0,"433":0,"437":0,"438":0,"441":0,"442":0,"443":0,"446":0,"447":0,"450":0,"451":0,"452":0,"454":0,"455":0,"456":0,"458":0,"459":0,"460":0,"462":0,"463":0,"464":0,"465":0,"467":0,"468":0,"470":0,"473":0,"474":0,"475":0,"482":0,"483":0,"485":0,"486":0,"487":0,"488":0,"490":0,"491":0,"492":0,"494":0,"495":0,"496":0,"497":0,"498":0,"501":0,"502":0,"505":0,"508":0,"514":0,"518":0,"519":0,"521":0,"523":0,"524":0,"525":0,"526":0,"528":0,"529":0,"530":0,"531":0,"532":0,"536":0,"540":0,"541":0,"543":0,"544":0,"555":0,"556":0,"557":0,"558":0,"559":0,"562":0,"563":0,"564":0,"565":0,"566":0,"570":0,"572":0,"576":0,"577":0,"578":0,"579":0,"580":0,"581":0,"582":0,"583":0,"585":0,"591":0,"592":0,"595":0,"604":0,"606":0,"607":0,"608":0,"609":0,"611":0,"617":0,"618":0,"619":0,"620":0,"621":0,"622":0,"623":0,"625":0,"626":0,"629":0,"630":0,"632":0,"636":0,"637":0,"638":0,"650":0,"651":0,"654":0,"655":0,"656":0,"666":0,"667":0,"677":0,"678":0,"679":0,"680":0,"685":0,"693":0,"700":0,"701":0,"702":0,"703":0,"705":0,"706":0,"707":0,"716":0,"717":0,"718":0,"719":0,"720":0,"722":0,"727":1}},"/home/travis/build/npmtest/node-npmtest-eris/node_modules/eris/lib/voice/VoiceDataStream.js":{"path":"/home/travis/build/npmtest/node-npmtest-eris/node_modules/eris/lib/voice/VoiceDataStream.js","s":{"1":1,"2":1,"3":1,"4":1,"5":0,"6":0,"7":1},"b":{},"f":{"1":0},"fnMap":{"1":{"name":"(anonymous_1)","line":16,"loc":{"start":{"line":16,"column":15},"end":{"line":16,"column":22}}}},"statementMap":{"1":{"start":{"line":3,"column":0},"end":{"line":3,"column":17}},"2":{"start":{"line":4,"column":0},"end":{"line":8,"column":1}},"3":{"start":{"line":5,"column":4},"end":{"line":5,"column":44}},"4":{"start":{"line":7,"column":4},"end":{"line":7,"column":50}},"5":{"start":{"line":17,"column":8},"end":{"line":17,"column":16}},"6":{"start":{"line":18,"column":8},"end":{"line":18,"column":25}},"7":{"start":{"line":22,"column":0},"end":{"line":22,"column":33}}},"branchMap":{},"code":["\"use strict\";","","var EventEmitter;","try {","    EventEmitter = require(\"eventemitter3\");","} catch(err) {","    EventEmitter = require(\"events\").EventEmitter;","}","","/**","* Represents a voice data stream","* @extends EventEmitter","* @prop {String} type The targeted voice data type for the stream, either \"opus\" or \"pcm\"","*/","class VoiceDataStream extends EventEmitter {","    constructor(type) {","        super();","        this.type = type;","    }","}","","module.exports = VoiceDataStream;",""],"l":{"3":1,"4":1,"5":1,"7":1,"17":0,"18":0,"22":1}}}